{"numFailedTestSuites":0,"numFailedTests":0,"numPassedTestSuites":4,"numPassedTests":19,"numPendingTestSuites":0,"numPendingTests":0,"numRuntimeErrorTestSuites":0,"numTodoTests":0,"numTotalTestSuites":4,"numTotalTests":19,"openHandles":[],"snapshot":{"added":0,"didUpdate":false,"failure":false,"filesAdded":0,"filesRemoved":0,"filesRemovedList":[],"filesUnmatched":0,"filesUpdated":0,"matched":0,"total":0,"unchecked":0,"uncheckedKeysByFile":[],"unmatched":0,"updated":0},"startTime":1752477098555,"success":true,"testResults":[{"assertionResults":[{"ancestorTitles":["DocumentList"],"failureMessages":[],"fullName":"DocumentList renders document list and supports filtering","location":null,"status":"passed","title":"renders document list and supports filtering"},{"ancestorTitles":["DocumentList"],"failureMessages":[],"fullName":"DocumentList shows public docs when filter is set to public","location":null,"status":"passed","title":"shows public docs when filter is set to public"},{"ancestorTitles":["DocumentList"],"failureMessages":[],"fullName":"DocumentList shows owner filter and triggers fetch","location":null,"status":"passed","title":"shows owner filter and triggers fetch"},{"ancestorTitles":["DocumentList"],"failureMessages":[],"fullName":"DocumentList shows error state on fetch fail","location":null,"status":"passed","title":"shows error state on fetch fail"},{"ancestorTitles":["DocumentList"],"failureMessages":[],"fullName":"DocumentList shows empty state when no documents found","location":null,"status":"passed","title":"shows empty state when no documents found"}],"endTime":1752477102250,"message":"","name":"/home/coder/project/workspace/question_generation_service/solutions/2080df15-09c1-461d-80bd-0e8809ecb7e5/reactapp/src/components/DocumentList.test.js","startTime":1752477099555,"status":"passed","summary":""},{"assertionResults":[{"ancestorTitles":["DocumentForm"],"failureMessages":[],"fullName":"DocumentForm validates required fields and saves","location":null,"status":"passed","title":"validates required fields and saves"},{"ancestorTitles":["DocumentForm"],"failureMessages":[],"fullName":"DocumentForm shows server error","location":null,"status":"passed","title":"shows server error"},{"ancestorTitles":["DocumentForm"],"failureMessages":[],"fullName":"DocumentForm loads edit data and updates","location":null,"status":"passed","title":"loads edit data and updates"}],"endTime":1752477102385,"message":"","name":"/home/coder/project/workspace/question_generation_service/solutions/2080df15-09c1-461d-80bd-0e8809ecb7e5/reactapp/src/components/DocumentForm.test.js","startTime":1752477099632,"status":"passed","summary":""},{"assertionResults":[{"ancestorTitles":["DocumentDetail"],"failureMessages":[],"fullName":"DocumentDetail renders document detail","location":null,"status":"passed","title":"renders document detail"},{"ancestorTitles":["DocumentDetail"],"failureMessages":[],"fullName":"DocumentDetail handles document not found","location":null,"status":"passed","title":"handles document not found"},{"ancestorTitles":["DocumentDetail"],"failureMessages":[],"fullName":"DocumentDetail deletes document","location":null,"status":"passed","title":"deletes document"}],"endTime":1752477102388,"message":"","name":"/home/coder/project/workspace/question_generation_service/solutions/2080df15-09c1-461d-80bd-0e8809ecb7e5/reactapp/src/components/DocumentDetail.test.js","startTime":1752477099573,"status":"passed","summary":""},{"assertionResults":[{"ancestorTitles":["api service"],"failureMessages":[],"fullName":"api service getAllDocuments passes data","location":null,"status":"passed","title":"getAllDocuments passes data"},{"ancestorTitles":["api service"],"failureMessages":[],"fullName":"api service getDocumentById works","location":null,"status":"passed","title":"getDocumentById works"},{"ancestorTitles":["api service"],"failureMessages":[],"fullName":"api service createDocument posts and returns","location":null,"status":"passed","title":"createDocument posts and returns"},{"ancestorTitles":["api service"],"failureMessages":[],"fullName":"api service updateDocument puts and returns","location":null,"status":"passed","title":"updateDocument puts and returns"},{"ancestorTitles":["api service"],"failureMessages":[],"fullName":"api service deleteDocument deletes","location":null,"status":"passed","title":"deleteDocument deletes"},{"ancestorTitles":["api service"],"failureMessages":[],"fullName":"api service getDocumentsByOwnerId fetches correct","location":null,"status":"passed","title":"getDocumentsByOwnerId fetches correct"},{"ancestorTitles":["api service"],"failureMessages":[],"fullName":"api service getPublicDocuments fetches correct","location":null,"status":"passed","title":"getPublicDocuments fetches correct"},{"ancestorTitles":["api service"],"failureMessages":[],"fullName":"api service handles error in getAllDocuments","location":null,"status":"passed","title":"handles error in getAllDocuments"}],"endTime":1752477102497,"message":"","name":"/home/coder/project/workspace/question_generation_service/solutions/2080df15-09c1-461d-80bd-0e8809ecb7e5/reactapp/src/utils/api.test.js","startTime":1752477102302,"status":"passed","summary":""}],"wasInterrupted":false}