{"D:\\APP DEVELOPMENT\\bf446a62-6b82-4700-9f5a-7b357e36a48d-e95b3f4a-3bfb-45da-a11b-d02a0840f98d\\reactapp\\src\\App.js": {"path":"D:\\APP DEVELOPMENT\\bf446a62-6b82-4700-9f5a-7b357e36a48d-e95b3f4a-3bfb-45da-a11b-d02a0840f98d\\reactapp\\src\\App.js","statementMap":{"0":{"start":{"line":12,"column":19},"end":{"line":12,"column":28}},"1":{"start":{"line":14,"column":2},"end":{"line":16,"column":3}},"2":{"start":{"line":15,"column":4},"end":{"line":15,"column":36}},"3":{"start":{"line":18,"column":2},"end":{"line":20,"column":3}},"4":{"start":{"line":19,"column":4},"end":{"line":19,"column":40}},"5":{"start":{"line":22,"column":2},"end":{"line":22,"column":18}},"6":{"start":{"line":26,"column":19},"end":{"line":26,"column":28}},"7":{"start":{"line":27,"column":2},"end":{"line":27,"column":56}},"8":{"start":{"line":31,"column":2},"end":{"line":65,"column":4}}},"fnMap":{"0":{"name":"ProtectedRoute","decl":{"start":{"line":11,"column":9},"end":{"line":11,"column":23}},"loc":{"start":{"line":11,"column":57},"end":{"line":23,"column":1}},"line":11},"1":{"name":"PublicRoute","decl":{"start":{"line":25,"column":9},"end":{"line":25,"column":20}},"loc":{"start":{"line":25,"column":35},"end":{"line":28,"column":1}},"line":25},"2":{"name":"App","decl":{"start":{"line":30,"column":9},"end":{"line":30,"column":12}},"loc":{"start":{"line":30,"column":15},"end":{"line":66,"column":1}},"line":30}},"branchMap":{"0":{"loc":{"start":{"line":11,"column":36},"end":{"line":11,"column":53}},"type":"default-arg","locations":[{"start":{"line":11,"column":48},"end":{"line":11,"column":53}}],"line":11},"1":{"loc":{"start":{"line":14,"column":2},"end":{"line":16,"column":3}},"type":"if","locations":[{"start":{"line":14,"column":2},"end":{"line":16,"column":3}},{"start":{},"end":{}}],"line":14},"2":{"loc":{"start":{"line":18,"column":2},"end":{"line":20,"column":3}},"type":"if","locations":[{"start":{"line":18,"column":2},"end":{"line":20,"column":3}},{"start":{},"end":{}}],"line":18},"3":{"loc":{"start":{"line":18,"column":6},"end":{"line":18,"column":40}},"type":"binary-expr","locations":[{"start":{"line":18,"column":6},"end":{"line":18,"column":15}},{"start":{"line":18,"column":19},"end":{"line":18,"column":40}}],"line":18},"4":{"loc":{"start":{"line":27,"column":9},"end":{"line":27,"column":55}},"type":"cond-expr","locations":[{"start":{"line":27,"column":16},"end":{"line":27,"column":44}},{"start":{"line":27,"column":47},"end":{"line":27,"column":55}}],"line":27}},"s":{"0":0,"1":0,"2":0,"3":0,"4":0,"5":0,"6":0,"7":0,"8":0},"f":{"0":0,"1":0,"2":0},"b":{"0":[0],"1":[0,0],"2":[0,0],"3":[0,0],"4":[0,0]}}
,"D:\\APP DEVELOPMENT\\bf446a62-6b82-4700-9f5a-7b357e36a48d-e95b3f4a-3bfb-45da-a11b-d02a0840f98d\\reactapp\\src\\index.js": {"path":"D:\\APP DEVELOPMENT\\bf446a62-6b82-4700-9f5a-7b357e36a48d-e95b3f4a-3bfb-45da-a11b-d02a0840f98d\\reactapp\\src\\index.js","statementMap":{"0":{"start":{"line":6,"column":13},"end":{"line":6,"column":65}},"1":{"start":{"line":7,"column":0},"end":{"line":11,"column":2}}},"fnMap":{},"branchMap":{},"s":{"0":0,"1":0},"f":{},"b":{}}
,"D:\\APP DEVELOPMENT\\bf446a62-6b82-4700-9f5a-7b357e36a48d-e95b3f4a-3bfb-45da-a11b-d02a0840f98d\\reactapp\\src\\components\\CreateFolderModal.js": {"path":"D:\\APP DEVELOPMENT\\bf446a62-6b82-4700-9f5a-7b357e36a48d-e95b3f4a-3bfb-45da-a11b-d02a0840f98d\\reactapp\\src\\components\\CreateFolderModal.js","statementMap":{"0":{"start":{"line":4,"column":26},"end":{"line":72,"column":1}},"1":{"start":{"line":5,"column":38},"end":{"line":5,"column":50}},"2":{"start":{"line":6,"column":32},"end":{"line":6,"column":47}},"3":{"start":{"line":8,"column":23},"end":{"line":21,"column":3}},"4":{"start":{"line":9,"column":4},"end":{"line":9,"column":23}},"5":{"start":{"line":10,"column":4},"end":{"line":10,"column":35}},"6":{"start":{"line":10,"column":28},"end":{"line":10,"column":35}},"7":{"start":{"line":12,"column":4},"end":{"line":12,"column":21}},"8":{"start":{"line":13,"column":4},"end":{"line":20,"column":5}},"9":{"start":{"line":14,"column":6},"end":{"line":14,"column":50}},"10":{"start":{"line":15,"column":6},"end":{"line":15,"column":16}},"11":{"start":{"line":17,"column":6},"end":{"line":17,"column":53}},"12":{"start":{"line":19,"column":6},"end":{"line":19,"column":24}},"13":{"start":{"line":23,"column":2},"end":{"line":71,"column":4}},"14":{"start":{"line":43,"column":33},"end":{"line":43,"column":62}}},"fnMap":{"0":{"name":"(anonymous_0)","decl":{"start":{"line":4,"column":26},"end":{"line":4,"column":27}},"loc":{"start":{"line":4,"column":53},"end":{"line":72,"column":1}},"line":4},"1":{"name":"(anonymous_1)","decl":{"start":{"line":8,"column":23},"end":{"line":8,"column":24}},"loc":{"start":{"line":8,"column":36},"end":{"line":21,"column":3}},"line":8},"2":{"name":"(anonymous_2)","decl":{"start":{"line":43,"column":26},"end":{"line":43,"column":27}},"loc":{"start":{"line":43,"column":33},"end":{"line":43,"column":62}},"line":43}},"branchMap":{"0":{"loc":{"start":{"line":10,"column":4},"end":{"line":10,"column":35}},"type":"if","locations":[{"start":{"line":10,"column":4},"end":{"line":10,"column":35}},{"start":{},"end":{}}],"line":10},"1":{"loc":{"start":{"line":63,"column":24},"end":{"line":63,"column":53}},"type":"binary-expr","locations":[{"start":{"line":63,"column":24},"end":{"line":63,"column":42}},{"start":{"line":63,"column":46},"end":{"line":63,"column":53}}],"line":63},"2":{"loc":{"start":{"line":65,"column":15},"end":{"line":65,"column":56}},"type":"cond-expr","locations":[{"start":{"line":65,"column":25},"end":{"line":65,"column":38}},{"start":{"line":65,"column":41},"end":{"line":65,"column":56}}],"line":65}},"s":{"0":0,"1":0,"2":0,"3":0,"4":0,"5":0,"6":0,"7":0,"8":0,"9":0,"10":0,"11":0,"12":0,"13":0,"14":0},"f":{"0":0,"1":0,"2":0},"b":{"0":[0,0],"1":[0,0],"2":[0,0]}}
,"D:\\APP DEVELOPMENT\\bf446a62-6b82-4700-9f5a-7b357e36a48d-e95b3f4a-3bfb-45da-a11b-d02a0840f98d\\reactapp\\src\\components\\DocumentDetail.js": {"path":"D:\\APP DEVELOPMENT\\bf446a62-6b82-4700-9f5a-7b357e36a48d-e95b3f4a-3bfb-45da-a11b-d02a0840f98d\\reactapp\\src\\components\\DocumentDetail.js","statementMap":{"0":{"start":{"line":5,"column":23},"end":{"line":108,"column":1}},"1":{"start":{"line":6,"column":17},"end":{"line":6,"column":28}},"2":{"start":{"line":7,"column":34},"end":{"line":7,"column":48}},"3":{"start":{"line":8,"column":32},"end":{"line":8,"column":46}},"4":{"start":{"line":9,"column":28},"end":{"line":9,"column":42}},"5":{"start":{"line":11,"column":2},"end":{"line":28,"column":11}},"6":{"start":{"line":12,"column":26},"end":{"line":23,"column":5}},"7":{"start":{"line":13,"column":6},"end":{"line":22,"column":7}},"8":{"start":{"line":14,"column":8},"end":{"line":14,"column":25}},"9":{"start":{"line":15,"column":25},"end":{"line":15,"column":60}},"10":{"start":{"line":16,"column":8},"end":{"line":16,"column":35}},"11":{"start":{"line":18,"column":8},"end":{"line":18,"column":39}},"12":{"start":{"line":19,"column":8},"end":{"line":19,"column":55}},"13":{"start":{"line":21,"column":8},"end":{"line":21,"column":26}},"14":{"start":{"line":25,"column":4},"end":{"line":27,"column":5}},"15":{"start":{"line":26,"column":6},"end":{"line":26,"column":22}},"16":{"start":{"line":30,"column":2},"end":{"line":36,"column":3}},"17":{"start":{"line":31,"column":4},"end":{"line":35,"column":6}},"18":{"start":{"line":38,"column":2},"end":{"line":45,"column":3}},"19":{"start":{"line":39,"column":4},"end":{"line":44,"column":6}},"20":{"start":{"line":47,"column":2},"end":{"line":54,"column":3}},"21":{"start":{"line":48,"column":4},"end":{"line":53,"column":6}},"22":{"start":{"line":56,"column":2},"end":{"line":107,"column":4}}},"fnMap":{"0":{"name":"(anonymous_0)","decl":{"start":{"line":5,"column":23},"end":{"line":5,"column":24}},"loc":{"start":{"line":5,"column":29},"end":{"line":108,"column":1}},"line":5},"1":{"name":"(anonymous_1)","decl":{"start":{"line":11,"column":12},"end":{"line":11,"column":13}},"loc":{"start":{"line":11,"column":18},"end":{"line":28,"column":3}},"line":11},"2":{"name":"(anonymous_2)","decl":{"start":{"line":12,"column":26},"end":{"line":12,"column":27}},"loc":{"start":{"line":12,"column":38},"end":{"line":23,"column":5}},"line":12}},"branchMap":{"0":{"loc":{"start":{"line":25,"column":4},"end":{"line":27,"column":5}},"type":"if","locations":[{"start":{"line":25,"column":4},"end":{"line":27,"column":5}},{"start":{},"end":{}}],"line":25},"1":{"loc":{"start":{"line":30,"column":2},"end":{"line":36,"column":3}},"type":"if","locations":[{"start":{"line":30,"column":2},"end":{"line":36,"column":3}},{"start":{},"end":{}}],"line":30},"2":{"loc":{"start":{"line":38,"column":2},"end":{"line":45,"column":3}},"type":"if","locations":[{"start":{"line":38,"column":2},"end":{"line":45,"column":3}},{"start":{},"end":{}}],"line":38},"3":{"loc":{"start":{"line":47,"column":2},"end":{"line":54,"column":3}},"type":"if","locations":[{"start":{"line":47,"column":2},"end":{"line":54,"column":3}},{"start":{},"end":{}}],"line":47},"4":{"loc":{"start":{"line":73,"column":53},"end":{"line":73,"column":113}},"type":"cond-expr","locations":[{"start":{"line":73,"column":73},"end":{"line":73,"column":101}},{"start":{"line":73,"column":104},"end":{"line":73,"column":113}}],"line":73},"5":{"loc":{"start":{"line":78,"column":17},"end":{"line":78,"column":99}},"type":"cond-expr","locations":[{"start":{"line":78,"column":38},"end":{"line":78,"column":87}},{"start":{"line":78,"column":90},"end":{"line":78,"column":99}}],"line":78},"6":{"loc":{"start":{"line":83,"column":53},"end":{"line":83,"column":90}},"type":"binary-expr","locations":[{"start":{"line":83,"column":53},"end":{"line":83,"column":77}},{"start":{"line":83,"column":81},"end":{"line":83,"column":90}}],"line":83}},"s":{"0":1,"1":4,"2":4,"3":4,"4":4,"5":4,"6":2,"7":2,"8":2,"9":2,"10":1,"11":1,"12":1,"13":2,"14":2,"15":2,"16":4,"17":2,"18":2,"19":1,"20":1,"21":0,"22":1},"f":{"0":4,"1":2,"2":2},"b":{"0":[2,0],"1":[2,2],"2":[1,1],"3":[0,1],"4":[0,1],"5":[0,1],"6":[1,1]},"_coverageSchema":"1a1c01bbd47fc00a2c39e90264f33305004495a9","hash":"2338439a66c678a6fb8d334801a08e5947165f50"}
,"D:\\APP DEVELOPMENT\\bf446a62-6b82-4700-9f5a-7b357e36a48d-e95b3f4a-3bfb-45da-a11b-d02a0840f98d\\reactapp\\src\\components\\DocumentForm.js": {"path":"D:\\APP DEVELOPMENT\\bf446a62-6b82-4700-9f5a-7b357e36a48d-e95b3f4a-3bfb-45da-a11b-d02a0840f98d\\reactapp\\src\\components\\DocumentForm.js","statementMap":{"0":{"start":{"line":4,"column":21},"end":{"line":135,"column":1}},"1":{"start":{"line":5,"column":34},"end":{"line":10,"column":4}},"2":{"start":{"line":11,"column":30},"end":{"line":11,"column":42}},"3":{"start":{"line":12,"column":32},"end":{"line":12,"column":47}},"4":{"start":{"line":14,"column":23},"end":{"line":23,"column":3}},"5":{"start":{"line":15,"column":22},"end":{"line":15,"column":24}},"6":{"start":{"line":16,"column":4},"end":{"line":16,"column":70}},"7":{"start":{"line":16,"column":32},"end":{"line":16,"column":70}},"8":{"start":{"line":17,"column":4},"end":{"line":17,"column":80}},"9":{"start":{"line":17,"column":35},"end":{"line":17,"column":80}},"10":{"start":{"line":18,"column":4},"end":{"line":18,"column":80}},"11":{"start":{"line":18,"column":35},"end":{"line":18,"column":80}},"12":{"start":{"line":19,"column":4},"end":{"line":19,"column":77}},"13":{"start":{"line":19,"column":34},"end":{"line":19,"column":77}},"14":{"start":{"line":21,"column":4},"end":{"line":21,"column":25}},"15":{"start":{"line":22,"column":4},"end":{"line":22,"column":47}},"16":{"start":{"line":25,"column":23},"end":{"line":43,"column":3}},"17":{"start":{"line":26,"column":4},"end":{"line":26,"column":23}},"18":{"start":{"line":27,"column":4},"end":{"line":27,"column":32}},"19":{"start":{"line":27,"column":25},"end":{"line":27,"column":32}},"20":{"start":{"line":29,"column":4},"end":{"line":29,"column":21}},"21":{"start":{"line":30,"column":4},"end":{"line":42,"column":5}},"22":{"start":{"line":32,"column":6},"end":{"line":36,"column":7}},"23":{"start":{"line":33,"column":8},"end":{"line":33,"column":72}},"24":{"start":{"line":35,"column":8},"end":{"line":35,"column":58}},"25":{"start":{"line":37,"column":6},"end":{"line":37,"column":28}},"26":{"start":{"line":39,"column":6},"end":{"line":39,"column":53}},"27":{"start":{"line":41,"column":6},"end":{"line":41,"column":24}},"28":{"start":{"line":45,"column":23},"end":{"line":51,"column":3}},"29":{"start":{"line":46,"column":28},"end":{"line":46,"column":36}},"30":{"start":{"line":47,"column":4},"end":{"line":47,"column":54}},"31":{"start":{"line":47,"column":25},"end":{"line":47,"column":51}},"32":{"start":{"line":48,"column":4},"end":{"line":50,"column":5}},"33":{"start":{"line":49,"column":6},"end":{"line":49,"column":51}},"34":{"start":{"line":49,"column":25},"end":{"line":49,"column":48}},"35":{"start":{"line":53,"column":2},"end":{"line":134,"column":4}}},"fnMap":{"0":{"name":"(anonymous_0)","decl":{"start":{"line":4,"column":21},"end":{"line":4,"column":22}},"loc":{"start":{"line":4,"column":57},"end":{"line":135,"column":1}},"line":4},"1":{"name":"(anonymous_1)","decl":{"start":{"line":14,"column":23},"end":{"line":14,"column":24}},"loc":{"start":{"line":14,"column":29},"end":{"line":23,"column":3}},"line":14},"2":{"name":"(anonymous_2)","decl":{"start":{"line":25,"column":23},"end":{"line":25,"column":24}},"loc":{"start":{"line":25,"column":36},"end":{"line":43,"column":3}},"line":25},"3":{"name":"(anonymous_3)","decl":{"start":{"line":45,"column":23},"end":{"line":45,"column":24}},"loc":{"start":{"line":45,"column":30},"end":{"line":51,"column":3}},"line":45},"4":{"name":"(anonymous_4)","decl":{"start":{"line":47,"column":16},"end":{"line":47,"column":17}},"loc":{"start":{"line":47,"column":25},"end":{"line":47,"column":51}},"line":47},"5":{"name":"(anonymous_5)","decl":{"start":{"line":49,"column":16},"end":{"line":49,"column":17}},"loc":{"start":{"line":49,"column":25},"end":{"line":49,"column":48}},"line":49}},"branchMap":{"0":{"loc":{"start":{"line":6,"column":11},"end":{"line":6,"column":32}},"type":"binary-expr","locations":[{"start":{"line":6,"column":11},"end":{"line":6,"column":26}},{"start":{"line":6,"column":30},"end":{"line":6,"column":32}}],"line":6},"1":{"loc":{"start":{"line":7,"column":14},"end":{"line":7,"column":38}},"type":"binary-expr","locations":[{"start":{"line":7,"column":14},"end":{"line":7,"column":32}},{"start":{"line":7,"column":36},"end":{"line":7,"column":38}}],"line":7},"2":{"loc":{"start":{"line":8,"column":14},"end":{"line":8,"column":38}},"type":"binary-expr","locations":[{"start":{"line":8,"column":14},"end":{"line":8,"column":32}},{"start":{"line":8,"column":36},"end":{"line":8,"column":38}}],"line":8},"3":{"loc":{"start":{"line":9,"column":13},"end":{"line":9,"column":36}},"type":"binary-expr","locations":[{"start":{"line":9,"column":13},"end":{"line":9,"column":30}},{"start":{"line":9,"column":34},"end":{"line":9,"column":36}}],"line":9},"4":{"loc":{"start":{"line":16,"column":4},"end":{"line":16,"column":70}},"type":"if","locations":[{"start":{"line":16,"column":4},"end":{"line":16,"column":70}},{"start":{},"end":{}}],"line":16},"5":{"loc":{"start":{"line":17,"column":4},"end":{"line":17,"column":80}},"type":"if","locations":[{"start":{"line":17,"column":4},"end":{"line":17,"column":80}},{"start":{},"end":{}}],"line":17},"6":{"loc":{"start":{"line":18,"column":4},"end":{"line":18,"column":80}},"type":"if","locations":[{"start":{"line":18,"column":4},"end":{"line":18,"column":80}},{"start":{},"end":{}}],"line":18},"7":{"loc":{"start":{"line":19,"column":4},"end":{"line":19,"column":77}},"type":"if","locations":[{"start":{"line":19,"column":4},"end":{"line":19,"column":77}},{"start":{},"end":{}}],"line":19},"8":{"loc":{"start":{"line":27,"column":4},"end":{"line":27,"column":32}},"type":"if","locations":[{"start":{"line":27,"column":4},"end":{"line":27,"column":32}},{"start":{},"end":{}}],"line":27},"9":{"loc":{"start":{"line":32,"column":6},"end":{"line":36,"column":7}},"type":"if","locations":[{"start":{"line":32,"column":6},"end":{"line":36,"column":7}},{"start":{"line":34,"column":13},"end":{"line":36,"column":7}}],"line":32},"10":{"loc":{"start":{"line":48,"column":4},"end":{"line":50,"column":5}},"type":"if","locations":[{"start":{"line":48,"column":4},"end":{"line":50,"column":5}},{"start":{},"end":{}}],"line":48},"11":{"loc":{"start":{"line":67,"column":9},"end":{"line":67,"column":84}},"type":"binary-expr","locations":[{"start":{"line":67,"column":9},"end":{"line":67,"column":21}},{"start":{"line":67,"column":25},"end":{"line":67,"column":84}}],"line":67},"12":{"loc":{"start":{"line":82,"column":9},"end":{"line":82,"column":90}},"type":"binary-expr","locations":[{"start":{"line":82,"column":9},"end":{"line":82,"column":24}},{"start":{"line":82,"column":28},"end":{"line":82,"column":90}}],"line":82},"13":{"loc":{"start":{"line":97,"column":9},"end":{"line":97,"column":90}},"type":"binary-expr","locations":[{"start":{"line":97,"column":9},"end":{"line":97,"column":24}},{"start":{"line":97,"column":28},"end":{"line":97,"column":90}}],"line":97},"14":{"loc":{"start":{"line":112,"column":9},"end":{"line":112,"column":88}},"type":"binary-expr","locations":[{"start":{"line":112,"column":9},"end":{"line":112,"column":23}},{"start":{"line":112,"column":27},"end":{"line":112,"column":88}}],"line":112},"15":{"loc":{"start":{"line":116,"column":9},"end":{"line":124,"column":9}},"type":"binary-expr","locations":[{"start":{"line":116,"column":9},"end":{"line":116,"column":17}},{"start":{"line":117,"column":10},"end":{"line":123,"column":19}}],"line":116},"16":{"loc":{"start":{"line":130,"column":11},"end":{"line":130,"column":41}},"type":"cond-expr","locations":[{"start":{"line":130,"column":21},"end":{"line":130,"column":32}},{"start":{"line":130,"column":35},"end":{"line":130,"column":41}}],"line":130}},"s":{"0":1,"1":8,"2":8,"3":8,"4":8,"5":2,"6":2,"7":1,"8":2,"9":1,"10":2,"11":1,"12":2,"13":1,"14":2,"15":2,"16":8,"17":2,"18":2,"19":1,"20":1,"21":1,"22":1,"23":0,"24":1,"25":1,"26":0,"27":1,"28":8,"29":4,"30":4,"31":4,"32":4,"33":0,"34":0,"35":8},"f":{"0":8,"1":2,"2":2,"3":4,"4":4,"5":0},"b":{"0":[8,8],"1":[8,8],"2":[8,8],"3":[8,8],"4":[1,1],"5":[1,1],"6":[1,1],"7":[1,1],"8":[1,1],"9":[0,1],"10":[0,4],"11":[8,1],"12":[8,1],"13":[8,1],"14":[8,1],"15":[8,0],"16":[1,7]},"_coverageSchema":"1a1c01bbd47fc00a2c39e90264f33305004495a9","hash":"0b375fac1f5d81abb3225894bdba7fe51e31873b"}
,"D:\\APP DEVELOPMENT\\bf446a62-6b82-4700-9f5a-7b357e36a48d-e95b3f4a-3bfb-45da-a11b-d02a0840f98d\\reactapp\\src\\components\\DocumentList.js": {"path":"D:\\APP DEVELOPMENT\\bf446a62-6b82-4700-9f5a-7b357e36a48d-e95b3f4a-3bfb-45da-a11b-d02a0840f98d\\reactapp\\src\\components\\DocumentList.js","statementMap":{"0":{"start":{"line":4,"column":21},"end":{"line":251,"column":1}},"1":{"start":{"line":5,"column":40},"end":{"line":5,"column":54}},"2":{"start":{"line":6,"column":40},"end":{"line":6,"column":54}},"3":{"start":{"line":8,"column":25},"end":{"line":10,"column":3}},"4":{"start":{"line":9,"column":4},"end":{"line":9,"column":63}},"5":{"start":{"line":12,"column":22},"end":{"line":14,"column":3}},"6":{"start":{"line":13,"column":4},"end":{"line":13,"column":83}},"7":{"start":{"line":16,"column":23},"end":{"line":29,"column":3}},"8":{"start":{"line":17,"column":21},"end":{"line":17,"column":58}},"9":{"start":{"line":18,"column":4},"end":{"line":28,"column":5}},"10":{"start":{"line":19,"column":6},"end":{"line":27,"column":7}},"11":{"start":{"line":20,"column":8},"end":{"line":23,"column":11}},"12":{"start":{"line":21,"column":24},"end":{"line":21,"column":43}},"13":{"start":{"line":22,"column":10},"end":{"line":22,"column":84}},"14":{"start":{"line":24,"column":8},"end":{"line":24,"column":22}},"15":{"start":{"line":26,"column":8},"end":{"line":26,"column":57}},"16":{"start":{"line":31,"column":23},"end":{"line":43,"column":3}},"17":{"start":{"line":32,"column":4},"end":{"line":42,"column":5}},"18":{"start":{"line":33,"column":6},"end":{"line":41,"column":7}},"19":{"start":{"line":34,"column":8},"end":{"line":37,"column":11}},"20":{"start":{"line":35,"column":24},"end":{"line":35,"column":43}},"21":{"start":{"line":36,"column":10},"end":{"line":36,"column":58}},"22":{"start":{"line":38,"column":8},"end":{"line":38,"column":22}},"23":{"start":{"line":40,"column":8},"end":{"line":40,"column":57}},"24":{"start":{"line":44,"column":52},"end":{"line":44,"column":64}},"25":{"start":{"line":45,"column":48},"end":{"line":45,"column":63}},"26":{"start":{"line":46,"column":44},"end":{"line":46,"column":58}},"27":{"start":{"line":49,"column":2},"end":{"line":69,"column":34}},"28":{"start":{"line":50,"column":4},"end":{"line":68,"column":5}},"29":{"start":{"line":51,"column":6},"end":{"line":51,"column":31}},"30":{"start":{"line":52,"column":6},"end":{"line":67,"column":9}},"31":{"start":{"line":53,"column":22},"end":{"line":53,"column":41}},"32":{"start":{"line":54,"column":8},"end":{"line":63,"column":52}},"33":{"start":{"line":56,"column":12},"end":{"line":56,"column":54}},"34":{"start":{"line":57,"column":12},"end":{"line":57,"column":35}},"35":{"start":{"line":60,"column":12},"end":{"line":60,"column":58}},"36":{"start":{"line":61,"column":12},"end":{"line":61,"column":37}},"37":{"start":{"line":63,"column":25},"end":{"line":63,"column":50}},"38":{"start":{"line":65,"column":8},"end":{"line":65,"column":54}},"39":{"start":{"line":66,"column":8},"end":{"line":66,"column":34}},"40":{"start":{"line":71,"column":27},"end":{"line":71,"column":75}},"41":{"start":{"line":72,"column":25},"end":{"line":72,"column":51}},"42":{"start":{"line":73,"column":23},"end":{"line":73,"column":45}},"43":{"start":{"line":75,"column":22},"end":{"line":80,"column":3}},"44":{"start":{"line":76,"column":16},"end":{"line":76,"column":57}},"45":{"start":{"line":77,"column":4},"end":{"line":77,"column":68}},"46":{"start":{"line":77,"column":53},"end":{"line":77,"column":68}},"47":{"start":{"line":78,"column":4},"end":{"line":78,"column":71}},"48":{"start":{"line":78,"column":53},"end":{"line":78,"column":71}},"49":{"start":{"line":79,"column":4},"end":{"line":79,"column":18}},"50":{"start":{"line":82,"column":25},"end":{"line":88,"column":3}},"51":{"start":{"line":83,"column":4},"end":{"line":83,"column":29}},"52":{"start":{"line":83,"column":16},"end":{"line":83,"column":29}},"53":{"start":{"line":84,"column":14},"end":{"line":84,"column":18}},"54":{"start":{"line":85,"column":18},"end":{"line":85,"column":41}},"55":{"start":{"line":86,"column":14},"end":{"line":86,"column":55}},"56":{"start":{"line":87,"column":4},"end":{"line":87,"column":76}},"57":{"start":{"line":90,"column":21},"end":{"line":96,"column":3}},"58":{"start":{"line":91,"column":4},"end":{"line":95,"column":7}},"59":{"start":{"line":98,"column":2},"end":{"line":105,"column":3}},"60":{"start":{"line":99,"column":4},"end":{"line":104,"column":6}},"61":{"start":{"line":107,"column":2},"end":{"line":113,"column":3}},"62":{"start":{"line":108,"column":4},"end":{"line":112,"column":6}},"63":{"start":{"line":115,"column":2},"end":{"line":123,"column":3}},"64":{"start":{"line":116,"column":4},"end":{"line":122,"column":6}},"65":{"start":{"line":125,"column":2},"end":{"line":192,"column":3}},"66":{"start":{"line":126,"column":4},"end":{"line":191,"column":6}},"67":{"start":{"line":129,"column":27},"end":{"line":129,"column":52}},"68":{"start":{"line":130,"column":10},"end":{"line":188,"column":12}},"69":{"start":{"line":134,"column":29},"end":{"line":134,"column":48}},"70":{"start":{"line":150,"column":20},"end":{"line":150,"column":40}},"71":{"start":{"line":151,"column":20},"end":{"line":151,"column":75}},"72":{"start":{"line":161,"column":37},"end":{"line":161,"column":56}},"73":{"start":{"line":167,"column":37},"end":{"line":167,"column":53}},"74":{"start":{"line":173,"column":37},"end":{"line":173,"column":54}},"75":{"start":{"line":179,"column":37},"end":{"line":179,"column":54}},"76":{"start":{"line":194,"column":2},"end":{"line":250,"column":4}},"77":{"start":{"line":208,"column":27},"end":{"line":208,"column":52}},"78":{"start":{"line":209,"column":10},"end":{"line":246,"column":12}},"79":{"start":{"line":213,"column":29},"end":{"line":213,"column":48}},"80":{"start":{"line":236,"column":22},"end":{"line":236,"column":42}},"81":{"start":{"line":237,"column":22},"end":{"line":237,"column":77}}},"fnMap":{"0":{"name":"(anonymous_0)","decl":{"start":{"line":4,"column":21},"end":{"line":4,"column":22}},"loc":{"start":{"line":4,"column":82},"end":{"line":251,"column":1}},"line":4},"1":{"name":"(anonymous_1)","decl":{"start":{"line":8,"column":25},"end":{"line":8,"column":26}},"loc":{"start":{"line":8,"column":34},"end":{"line":10,"column":3}},"line":8},"2":{"name":"(anonymous_2)","decl":{"start":{"line":12,"column":22},"end":{"line":12,"column":23}},"loc":{"start":{"line":12,"column":31},"end":{"line":14,"column":3}},"line":12},"3":{"name":"(anonymous_3)","decl":{"start":{"line":16,"column":23},"end":{"line":16,"column":24}},"loc":{"start":{"line":16,"column":38},"end":{"line":29,"column":3}},"line":16},"4":{"name":"(anonymous_4)","decl":{"start":{"line":20,"column":35},"end":{"line":20,"column":36}},"loc":{"start":{"line":20,"column":50},"end":{"line":23,"column":9}},"line":20},"5":{"name":"(anonymous_5)","decl":{"start":{"line":31,"column":23},"end":{"line":31,"column":24}},"loc":{"start":{"line":31,"column":38},"end":{"line":43,"column":3}},"line":31},"6":{"name":"(anonymous_6)","decl":{"start":{"line":34,"column":35},"end":{"line":34,"column":36}},"loc":{"start":{"line":34,"column":50},"end":{"line":37,"column":9}},"line":34},"7":{"name":"(anonymous_7)","decl":{"start":{"line":49,"column":18},"end":{"line":49,"column":19}},"loc":{"start":{"line":49,"column":24},"end":{"line":69,"column":3}},"line":49},"8":{"name":"(anonymous_8)","decl":{"start":{"line":52,"column":27},"end":{"line":52,"column":28}},"loc":{"start":{"line":52,"column":44},"end":{"line":64,"column":7}},"line":52},"9":{"name":"(anonymous_9)","decl":{"start":{"line":55,"column":16},"end":{"line":55,"column":17}},"loc":{"start":{"line":55,"column":28},"end":{"line":58,"column":11}},"line":55},"10":{"name":"(anonymous_10)","decl":{"start":{"line":59,"column":17},"end":{"line":59,"column":18}},"loc":{"start":{"line":59,"column":24},"end":{"line":62,"column":11}},"line":59},"11":{"name":"(anonymous_11)","decl":{"start":{"line":63,"column":19},"end":{"line":63,"column":20}},"loc":{"start":{"line":63,"column":25},"end":{"line":63,"column":50}},"line":63},"12":{"name":"(anonymous_12)","decl":{"start":{"line":64,"column":15},"end":{"line":64,"column":16}},"loc":{"start":{"line":64,"column":21},"end":{"line":67,"column":7}},"line":64},"13":{"name":"(anonymous_13)","decl":{"start":{"line":75,"column":22},"end":{"line":75,"column":23}},"loc":{"start":{"line":75,"column":36},"end":{"line":80,"column":3}},"line":75},"14":{"name":"(anonymous_14)","decl":{"start":{"line":82,"column":25},"end":{"line":82,"column":26}},"loc":{"start":{"line":82,"column":36},"end":{"line":88,"column":3}},"line":82},"15":{"name":"(anonymous_15)","decl":{"start":{"line":90,"column":21},"end":{"line":90,"column":22}},"loc":{"start":{"line":90,"column":37},"end":{"line":96,"column":3}},"line":90},"16":{"name":"(anonymous_16)","decl":{"start":{"line":128,"column":30},"end":{"line":128,"column":31}},"loc":{"start":{"line":128,"column":39},"end":{"line":189,"column":9}},"line":128},"17":{"name":"(anonymous_17)","decl":{"start":{"line":134,"column":23},"end":{"line":134,"column":24}},"loc":{"start":{"line":134,"column":29},"end":{"line":134,"column":48}},"line":134},"18":{"name":"(anonymous_18)","decl":{"start":{"line":149,"column":27},"end":{"line":149,"column":28}},"loc":{"start":{"line":149,"column":34},"end":{"line":152,"column":19}},"line":149},"19":{"name":"(anonymous_19)","decl":{"start":{"line":161,"column":31},"end":{"line":161,"column":32}},"loc":{"start":{"line":161,"column":37},"end":{"line":161,"column":56}},"line":161},"20":{"name":"(anonymous_20)","decl":{"start":{"line":167,"column":31},"end":{"line":167,"column":32}},"loc":{"start":{"line":167,"column":37},"end":{"line":167,"column":53}},"line":167},"21":{"name":"(anonymous_21)","decl":{"start":{"line":173,"column":31},"end":{"line":173,"column":32}},"loc":{"start":{"line":173,"column":37},"end":{"line":173,"column":54}},"line":173},"22":{"name":"(anonymous_22)","decl":{"start":{"line":179,"column":31},"end":{"line":179,"column":32}},"loc":{"start":{"line":179,"column":37},"end":{"line":179,"column":54}},"line":179},"23":{"name":"(anonymous_23)","decl":{"start":{"line":207,"column":30},"end":{"line":207,"column":31}},"loc":{"start":{"line":207,"column":39},"end":{"line":247,"column":9}},"line":207},"24":{"name":"(anonymous_24)","decl":{"start":{"line":213,"column":23},"end":{"line":213,"column":24}},"loc":{"start":{"line":213,"column":29},"end":{"line":213,"column":48}},"line":213},"25":{"name":"(anonymous_25)","decl":{"start":{"line":235,"column":29},"end":{"line":235,"column":30}},"loc":{"start":{"line":235,"column":36},"end":{"line":238,"column":21}},"line":235}},"branchMap":{"0":{"loc":{"start":{"line":4,"column":24},"end":{"line":4,"column":38}},"type":"default-arg","locations":[{"start":{"line":4,"column":36},"end":{"line":4,"column":38}}],"line":4},"1":{"loc":{"start":{"line":18,"column":4},"end":{"line":28,"column":5}},"type":"if","locations":[{"start":{"line":18,"column":4},"end":{"line":28,"column":5}},{"start":{},"end":{}}],"line":18},"2":{"loc":{"start":{"line":18,"column":8},"end":{"line":18,"column":42}},"type":"binary-expr","locations":[{"start":{"line":18,"column":8},"end":{"line":18,"column":16}},{"start":{"line":18,"column":20},"end":{"line":18,"column":42}}],"line":18},"3":{"loc":{"start":{"line":32,"column":4},"end":{"line":42,"column":5}},"type":"if","locations":[{"start":{"line":32,"column":4},"end":{"line":42,"column":5}},{"start":{},"end":{}}],"line":32},"4":{"loc":{"start":{"line":50,"column":4},"end":{"line":68,"column":5}},"type":"if","locations":[{"start":{"line":50,"column":4},"end":{"line":68,"column":5}},{"start":{},"end":{}}],"line":50},"5":{"loc":{"start":{"line":50,"column":8},"end":{"line":50,"column":37}},"type":"binary-expr","locations":[{"start":{"line":50,"column":8},"end":{"line":50,"column":25}},{"start":{"line":50,"column":29},"end":{"line":50,"column":37}}],"line":50},"6":{"loc":{"start":{"line":56,"column":33},"end":{"line":56,"column":52}},"type":"binary-expr","locations":[{"start":{"line":56,"column":33},"end":{"line":56,"column":46}},{"start":{"line":56,"column":50},"end":{"line":56,"column":52}}],"line":56},"7":{"loc":{"start":{"line":71,"column":27},"end":{"line":71,"column":75}},"type":"cond-expr","locations":[{"start":{"line":71,"column":46},"end":{"line":71,"column":55}},{"start":{"line":71,"column":58},"end":{"line":71,"column":75}}],"line":71},"8":{"loc":{"start":{"line":72,"column":25},"end":{"line":72,"column":51}},"type":"binary-expr","locations":[{"start":{"line":72,"column":25},"end":{"line":72,"column":32}},{"start":{"line":72,"column":36},"end":{"line":72,"column":51}}],"line":72},"9":{"loc":{"start":{"line":73,"column":23},"end":{"line":73,"column":45}},"type":"binary-expr","locations":[{"start":{"line":73,"column":23},"end":{"line":73,"column":28}},{"start":{"line":73,"column":32},"end":{"line":73,"column":45}}],"line":73},"10":{"loc":{"start":{"line":77,"column":4},"end":{"line":77,"column":68}},"type":"if","locations":[{"start":{"line":77,"column":4},"end":{"line":77,"column":68}},{"start":{},"end":{}}],"line":77},"11":{"loc":{"start":{"line":78,"column":4},"end":{"line":78,"column":71}},"type":"if","locations":[{"start":{"line":78,"column":4},"end":{"line":78,"column":71}},{"start":{},"end":{}}],"line":78},"12":{"loc":{"start":{"line":83,"column":4},"end":{"line":83,"column":29}},"type":"if","locations":[{"start":{"line":83,"column":4},"end":{"line":83,"column":29}},{"start":{},"end":{}}],"line":83},"13":{"loc":{"start":{"line":98,"column":2},"end":{"line":105,"column":3}},"type":"if","locations":[{"start":{"line":98,"column":2},"end":{"line":105,"column":3}},{"start":{},"end":{}}],"line":98},"14":{"loc":{"start":{"line":107,"column":2},"end":{"line":113,"column":3}},"type":"if","locations":[{"start":{"line":107,"column":2},"end":{"line":113,"column":3}},{"start":{},"end":{}}],"line":107},"15":{"loc":{"start":{"line":115,"column":2},"end":{"line":123,"column":3}},"type":"if","locations":[{"start":{"line":115,"column":2},"end":{"line":123,"column":3}},{"start":{},"end":{}}],"line":115},"16":{"loc":{"start":{"line":125,"column":2},"end":{"line":192,"column":3}},"type":"if","locations":[{"start":{"line":125,"column":2},"end":{"line":192,"column":3}},{"start":{},"end":{}}],"line":125},"17":{"loc":{"start":{"line":141,"column":19},"end":{"line":141,"column":44}},"type":"binary-expr","locations":[{"start":{"line":141,"column":19},"end":{"line":141,"column":28}},{"start":{"line":141,"column":32},"end":{"line":141,"column":44}}],"line":141},"18":{"loc":{"start":{"line":151,"column":35},"end":{"line":151,"column":73}},"type":"cond-expr","locations":[{"start":{"line":151,"column":60},"end":{"line":151,"column":64}},{"start":{"line":151,"column":67},"end":{"line":151,"column":73}}],"line":151},"19":{"loc":{"start":{"line":158,"column":17},"end":{"line":185,"column":17}},"type":"binary-expr","locations":[{"start":{"line":158,"column":17},"end":{"line":158,"column":39}},{"start":{"line":159,"column":18},"end":{"line":184,"column":24}}],"line":158},"20":{"loc":{"start":{"line":221,"column":21},"end":{"line":221,"column":46}},"type":"binary-expr","locations":[{"start":{"line":221,"column":21},"end":{"line":221,"column":30}},{"start":{"line":221,"column":34},"end":{"line":221,"column":46}}],"line":221},"21":{"loc":{"start":{"line":231,"column":19},"end":{"line":231,"column":47}},"type":"binary-expr","locations":[{"start":{"line":231,"column":19},"end":{"line":231,"column":38}},{"start":{"line":231,"column":42},"end":{"line":231,"column":47}}],"line":231},"22":{"loc":{"start":{"line":237,"column":37},"end":{"line":237,"column":75}},"type":"cond-expr","locations":[{"start":{"line":237,"column":62},"end":{"line":237,"column":66}},{"start":{"line":237,"column":69},"end":{"line":237,"column":75}}],"line":237}},"s":{"0":1,"1":15,"2":15,"3":15,"4":0,"5":15,"6":0,"7":15,"8":0,"9":0,"10":0,"11":0,"12":0,"13":0,"14":0,"15":0,"16":15,"17":0,"18":0,"19":0,"20":0,"21":0,"22":0,"23":0,"24":15,"25":15,"26":15,"27":15,"28":5,"29":5,"30":5,"31":5,"32":5,"33":3,"34":3,"35":2,"36":2,"37":5,"38":0,"39":0,"40":15,"41":15,"42":15,"43":15,"44":1,"45":1,"46":0,"47":1,"48":0,"49":1,"50":15,"51":1,"52":1,"53":0,"54":0,"55":0,"56":0,"57":15,"58":1,"59":15,"60":2,"61":13,"62":5,"63":8,"64":7,"65":1,"66":0,"67":0,"68":0,"69":0,"70":0,"71":0,"72":0,"73":0,"74":0,"75":0,"76":1,"77":1,"78":1,"79":0,"80":0,"81":0},"f":{"0":15,"1":0,"2":0,"3":0,"4":0,"5":0,"6":0,"7":5,"8":5,"9":3,"10":2,"11":5,"12":0,"13":1,"14":1,"15":1,"16":0,"17":0,"18":0,"19":0,"20":0,"21":0,"22":0,"23":1,"24":0,"25":0},"b":{"0":[15],"1":[0,0],"2":[0,0],"3":[0,0],"4":[5,0],"5":[5,5],"6":[3,0],"7":[0,15],"8":[15,15],"9":[15,15],"10":[0,1],"11":[0,1],"12":[1,0],"13":[2,13],"14":[5,8],"15":[7,1],"16":[0,1],"17":[0,0],"18":[0,0],"19":[0,0],"20":[1,0],"21":[1,1],"22":[0,0]},"_coverageSchema":"1a1c01bbd47fc00a2c39e90264f33305004495a9","hash":"115e4470313b9dc959ac1cd54bf31228c0de76d6"}
,"D:\\APP DEVELOPMENT\\bf446a62-6b82-4700-9f5a-7b357e36a48d-e95b3f4a-3bfb-45da-a11b-d02a0840f98d\\reactapp\\src\\components\\Header.js": {"path":"D:\\APP DEVELOPMENT\\bf446a62-6b82-4700-9f5a-7b357e36a48d-e95b3f4a-3bfb-45da-a11b-d02a0840f98d\\reactapp\\src\\components\\Header.js","statementMap":{"0":{"start":{"line":5,"column":15},"end":{"line":89,"column":1}},"1":{"start":{"line":6,"column":38},"end":{"line":6,"column":50}},"2":{"start":{"line":7,"column":40},"end":{"line":7,"column":55}},"3":{"start":{"line":8,"column":27},"end":{"line":8,"column":36}},"4":{"start":{"line":10,"column":23},"end":{"line":13,"column":3}},"5":{"start":{"line":11,"column":4},"end":{"line":11,"column":34}},"6":{"start":{"line":12,"column":4},"end":{"line":12,"column":29}},"7":{"start":{"line":15,"column":2},"end":{"line":88,"column":4}},"8":{"start":{"line":38,"column":29},"end":{"line":38,"column":53}},"9":{"start":{"line":44,"column":29},"end":{"line":44,"column":53}},"10":{"start":{"line":61,"column":29},"end":{"line":61,"column":57}}},"fnMap":{"0":{"name":"(anonymous_0)","decl":{"start":{"line":5,"column":15},"end":{"line":5,"column":16}},"loc":{"start":{"line":5,"column":71},"end":{"line":89,"column":1}},"line":5},"1":{"name":"(anonymous_1)","decl":{"start":{"line":10,"column":23},"end":{"line":10,"column":24}},"loc":{"start":{"line":10,"column":30},"end":{"line":13,"column":3}},"line":10},"2":{"name":"(anonymous_2)","decl":{"start":{"line":38,"column":23},"end":{"line":38,"column":24}},"loc":{"start":{"line":38,"column":29},"end":{"line":38,"column":53}},"line":38},"3":{"name":"(anonymous_3)","decl":{"start":{"line":44,"column":23},"end":{"line":44,"column":24}},"loc":{"start":{"line":44,"column":29},"end":{"line":44,"column":53}},"line":44},"4":{"name":"(anonymous_4)","decl":{"start":{"line":61,"column":23},"end":{"line":61,"column":24}},"loc":{"start":{"line":61,"column":29},"end":{"line":61,"column":57}},"line":61}},"branchMap":{"0":{"loc":{"start":{"line":39,"column":40},"end":{"line":39,"column":122}},"type":"cond-expr","locations":[{"start":{"line":39,"column":62},"end":{"line":39,"column":86}},{"start":{"line":39,"column":89},"end":{"line":39,"column":122}}],"line":39},"1":{"loc":{"start":{"line":45,"column":40},"end":{"line":45,"column":122}},"type":"cond-expr","locations":[{"start":{"line":45,"column":62},"end":{"line":45,"column":86}},{"start":{"line":45,"column":89},"end":{"line":45,"column":122}}],"line":45},"2":{"loc":{"start":{"line":69,"column":13},"end":{"line":83,"column":13}},"type":"binary-expr","locations":[{"start":{"line":69,"column":13},"end":{"line":69,"column":24}},{"start":{"line":70,"column":14},"end":{"line":82,"column":20}}],"line":69}},"s":{"0":0,"1":0,"2":0,"3":0,"4":0,"5":0,"6":0,"7":0,"8":0,"9":0,"10":0},"f":{"0":0,"1":0,"2":0,"3":0,"4":0},"b":{"0":[0,0],"1":[0,0],"2":[0,0]}}
,"D:\\APP DEVELOPMENT\\bf446a62-6b82-4700-9f5a-7b357e36a48d-e95b3f4a-3bfb-45da-a11b-d02a0840f98d\\reactapp\\src\\components\\ShareModal.js": {"path":"D:\\APP DEVELOPMENT\\bf446a62-6b82-4700-9f5a-7b357e36a48d-e95b3f4a-3bfb-45da-a11b-d02a0840f98d\\reactapp\\src\\components\\ShareModal.js","statementMap":{"0":{"start":{"line":4,"column":19},"end":{"line":151,"column":1}},"1":{"start":{"line":5,"column":36},"end":{"line":5,"column":55}},"2":{"start":{"line":6,"column":28},"end":{"line":6,"column":40}},"3":{"start":{"line":7,"column":38},"end":{"line":7,"column":54}},"4":{"start":{"line":8,"column":36},"end":{"line":8,"column":48}},"5":{"start":{"line":10,"column":28},"end":{"line":13,"column":3}},"6":{"start":{"line":11,"column":17},"end":{"line":11,"column":66}},"7":{"start":{"line":12,"column":4},"end":{"line":12,"column":23}},"8":{"start":{"line":15,"column":26},"end":{"line":18,"column":3}},"9":{"start":{"line":16,"column":4},"end":{"line":16,"column":45}},"10":{"start":{"line":20,"column":22},"end":{"line":28,"column":3}},"11":{"start":{"line":21,"column":22},"end":{"line":26,"column":5}},"12":{"start":{"line":27,"column":4},"end":{"line":27,"column":23}},"13":{"start":{"line":30,"column":2},"end":{"line":150,"column":4}},"14":{"start":{"line":50,"column":35},"end":{"line":50,"column":63}},"15":{"start":{"line":63,"column":35},"end":{"line":63,"column":63}},"16":{"start":{"line":76,"column":35},"end":{"line":76,"column":63}},"17":{"start":{"line":91,"column":33},"end":{"line":91,"column":57}},"18":{"start":{"line":103,"column":33},"end":{"line":103,"column":62}}},"fnMap":{"0":{"name":"(anonymous_0)","decl":{"start":{"line":4,"column":19},"end":{"line":4,"column":20}},"loc":{"start":{"line":4,"column":55},"end":{"line":151,"column":1}},"line":4},"1":{"name":"(anonymous_1)","decl":{"start":{"line":10,"column":28},"end":{"line":10,"column":29}},"loc":{"start":{"line":10,"column":34},"end":{"line":13,"column":3}},"line":10},"2":{"name":"(anonymous_2)","decl":{"start":{"line":15,"column":26},"end":{"line":15,"column":27}},"loc":{"start":{"line":15,"column":32},"end":{"line":18,"column":3}},"line":15},"3":{"name":"(anonymous_3)","decl":{"start":{"line":20,"column":22},"end":{"line":20,"column":23}},"loc":{"start":{"line":20,"column":28},"end":{"line":28,"column":3}},"line":20},"4":{"name":"(anonymous_4)","decl":{"start":{"line":50,"column":28},"end":{"line":50,"column":29}},"loc":{"start":{"line":50,"column":35},"end":{"line":50,"column":63}},"line":50},"5":{"name":"(anonymous_5)","decl":{"start":{"line":63,"column":28},"end":{"line":63,"column":29}},"loc":{"start":{"line":63,"column":35},"end":{"line":63,"column":63}},"line":63},"6":{"name":"(anonymous_6)","decl":{"start":{"line":76,"column":28},"end":{"line":76,"column":29}},"loc":{"start":{"line":76,"column":35},"end":{"line":76,"column":63}},"line":76},"7":{"name":"(anonymous_7)","decl":{"start":{"line":91,"column":26},"end":{"line":91,"column":27}},"loc":{"start":{"line":91,"column":33},"end":{"line":91,"column":57}},"line":91},"8":{"name":"(anonymous_8)","decl":{"start":{"line":103,"column":26},"end":{"line":103,"column":27}},"loc":{"start":{"line":103,"column":33},"end":{"line":103,"column":62}},"line":103}},"branchMap":{"0":{"loc":{"start":{"line":23,"column":13},"end":{"line":23,"column":49}},"type":"cond-expr","locations":[{"start":{"line":23,"column":37},"end":{"line":23,"column":42}},{"start":{"line":23,"column":45},"end":{"line":23,"column":49}}],"line":23},"1":{"loc":{"start":{"line":85,"column":11},"end":{"line":96,"column":11}},"type":"binary-expr","locations":[{"start":{"line":85,"column":11},"end":{"line":85,"column":32}},{"start":{"line":86,"column":12},"end":{"line":95,"column":18}}],"line":85},"2":{"loc":{"start":{"line":98,"column":11},"end":{"line":110,"column":11}},"type":"binary-expr","locations":[{"start":{"line":98,"column":11},"end":{"line":98,"column":34}},{"start":{"line":99,"column":12},"end":{"line":109,"column":18}}],"line":98},"3":{"loc":{"start":{"line":112,"column":11},"end":{"line":130,"column":11}},"type":"binary-expr","locations":[{"start":{"line":112,"column":11},"end":{"line":112,"column":31}},{"start":{"line":112,"column":35},"end":{"line":112,"column":44}},{"start":{"line":113,"column":12},"end":{"line":129,"column":18}}],"line":112},"4":{"loc":{"start":{"line":137,"column":11},"end":{"line":141,"column":11}},"type":"binary-expr","locations":[{"start":{"line":137,"column":11},"end":{"line":137,"column":31}},{"start":{"line":137,"column":35},"end":{"line":137,"column":45}},{"start":{"line":138,"column":12},"end":{"line":140,"column":21}}],"line":137},"5":{"loc":{"start":{"line":142,"column":11},"end":{"line":146,"column":11}},"type":"binary-expr","locations":[{"start":{"line":142,"column":11},"end":{"line":142,"column":34}},{"start":{"line":142,"column":38},"end":{"line":142,"column":58}},{"start":{"line":143,"column":12},"end":{"line":145,"column":21}}],"line":142}},"s":{"0":0,"1":0,"2":0,"3":0,"4":0,"5":0,"6":0,"7":0,"8":0,"9":0,"10":0,"11":0,"12":0,"13":0,"14":0,"15":0,"16":0,"17":0,"18":0},"f":{"0":0,"1":0,"2":0,"3":0,"4":0,"5":0,"6":0,"7":0,"8":0},"b":{"0":[0,0],"1":[0,0],"2":[0,0],"3":[0,0,0],"4":[0,0,0],"5":[0,0,0]}}
,"D:\\APP DEVELOPMENT\\bf446a62-6b82-4700-9f5a-7b357e36a48d-e95b3f4a-3bfb-45da-a11b-d02a0840f98d\\reactapp\\src\\components\\Sidebar.js": {"path":"D:\\APP DEVELOPMENT\\bf446a62-6b82-4700-9f5a-7b357e36a48d-e95b3f4a-3bfb-45da-a11b-d02a0840f98d\\reactapp\\src\\components\\Sidebar.js","statementMap":{"0":{"start":{"line":4,"column":16},"end":{"line":81,"column":1}},"1":{"start":{"line":5,"column":38},"end":{"line":5,"column":54}},"2":{"start":{"line":7,"column":20},"end":{"line":12,"column":3}},"3":{"start":{"line":14,"column":18},"end":{"line":18,"column":3}},"4":{"start":{"line":20,"column":2},"end":{"line":80,"column":4}},"5":{"start":{"line":25,"column":25},"end":{"line":25,"column":34}},"6":{"start":{"line":26,"column":12},"end":{"line":39,"column":14}},"7":{"start":{"line":29,"column":31},"end":{"line":29,"column":53}},"8":{"start":{"line":54,"column":12},"end":{"line":63,"column":18}}},"fnMap":{"0":{"name":"(anonymous_0)","decl":{"start":{"line":4,"column":16},"end":{"line":4,"column":17}},"loc":{"start":{"line":4,"column":22},"end":{"line":81,"column":1}},"line":4},"1":{"name":"(anonymous_1)","decl":{"start":{"line":24,"column":25},"end":{"line":24,"column":26}},"loc":{"start":{"line":24,"column":35},"end":{"line":40,"column":11}},"line":24},"2":{"name":"(anonymous_2)","decl":{"start":{"line":29,"column":25},"end":{"line":29,"column":26}},"loc":{"start":{"line":29,"column":31},"end":{"line":29,"column":53}},"line":29},"3":{"name":"(anonymous_3)","decl":{"start":{"line":53,"column":23},"end":{"line":53,"column":24}},"loc":{"start":{"line":54,"column":12},"end":{"line":63,"column":18}},"line":54}},"branchMap":{"0":{"loc":{"start":{"line":31,"column":18},"end":{"line":33,"column":55}},"type":"cond-expr","locations":[{"start":{"line":32,"column":22},"end":{"line":32,"column":46}},{"start":{"line":33,"column":22},"end":{"line":33,"column":55}}],"line":31}},"s":{"0":0,"1":0,"2":0,"3":0,"4":0,"5":0,"6":0,"7":0,"8":0},"f":{"0":0,"1":0,"2":0,"3":0},"b":{"0":[0,0]}}
,"D:\\APP DEVELOPMENT\\bf446a62-6b82-4700-9f5a-7b357e36a48d-e95b3f4a-3bfb-45da-a11b-d02a0840f98d\\reactapp\\src\\components\\Toast.js": {"path":"D:\\APP DEVELOPMENT\\bf446a62-6b82-4700-9f5a-7b357e36a48d-e95b3f4a-3bfb-45da-a11b-d02a0840f98d\\reactapp\\src\\components\\Toast.js","statementMap":{"0":{"start":{"line":4,"column":14},"end":{"line":62,"column":1}},"1":{"start":{"line":5,"column":36},"end":{"line":5,"column":50}},"2":{"start":{"line":7,"column":2},"end":{"line":14,"column":26}},"3":{"start":{"line":8,"column":18},"end":{"line":11,"column":16}},"4":{"start":{"line":9,"column":6},"end":{"line":9,"column":26}},"5":{"start":{"line":10,"column":6},"end":{"line":10,"column":31}},"6":{"start":{"line":13,"column":4},"end":{"line":13,"column":37}},"7":{"start":{"line":13,"column":17},"end":{"line":13,"column":36}},"8":{"start":{"line":16,"column":18},"end":{"line":23,"column":3}},"9":{"start":{"line":17,"column":4},"end":{"line":22,"column":5}},"10":{"start":{"line":18,"column":22},"end":{"line":18,"column":51}},"11":{"start":{"line":19,"column":20},"end":{"line":19,"column":45}},"12":{"start":{"line":20,"column":22},"end":{"line":20,"column":57}},"13":{"start":{"line":21,"column":15},"end":{"line":21,"column":43}},"14":{"start":{"line":25,"column":20},"end":{"line":37,"column":3}},"15":{"start":{"line":26,"column":23},"end":{"line":26,"column":74}},"16":{"start":{"line":27,"column":4},"end":{"line":36,"column":5}},"17":{"start":{"line":29,"column":8},"end":{"line":29,"column":75}},"18":{"start":{"line":31,"column":8},"end":{"line":31,"column":69}},"19":{"start":{"line":33,"column":8},"end":{"line":33,"column":78}},"20":{"start":{"line":35,"column":8},"end":{"line":35,"column":72}},"21":{"start":{"line":39,"column":2},"end":{"line":61,"column":4}},"22":{"start":{"line":52,"column":12},"end":{"line":52,"column":32}},"23":{"start":{"line":53,"column":12},"end":{"line":53,"column":37}}},"fnMap":{"0":{"name":"(anonymous_0)","decl":{"start":{"line":4,"column":14},"end":{"line":4,"column":15}},"loc":{"start":{"line":4,"column":72},"end":{"line":62,"column":1}},"line":4},"1":{"name":"(anonymous_1)","decl":{"start":{"line":7,"column":12},"end":{"line":7,"column":13}},"loc":{"start":{"line":7,"column":18},"end":{"line":14,"column":3}},"line":7},"2":{"name":"(anonymous_2)","decl":{"start":{"line":8,"column":29},"end":{"line":8,"column":30}},"loc":{"start":{"line":8,"column":35},"end":{"line":11,"column":5}},"line":8},"3":{"name":"(anonymous_3)","decl":{"start":{"line":13,"column":11},"end":{"line":13,"column":12}},"loc":{"start":{"line":13,"column":17},"end":{"line":13,"column":36}},"line":13},"4":{"name":"(anonymous_4)","decl":{"start":{"line":16,"column":18},"end":{"line":16,"column":19}},"loc":{"start":{"line":16,"column":24},"end":{"line":23,"column":3}},"line":16},"5":{"name":"(anonymous_5)","decl":{"start":{"line":25,"column":20},"end":{"line":25,"column":21}},"loc":{"start":{"line":25,"column":26},"end":{"line":37,"column":3}},"line":25},"6":{"name":"(anonymous_6)","decl":{"start":{"line":51,"column":19},"end":{"line":51,"column":20}},"loc":{"start":{"line":51,"column":25},"end":{"line":54,"column":11}},"line":51}},"branchMap":{"0":{"loc":{"start":{"line":4,"column":26},"end":{"line":4,"column":39}},"type":"default-arg","locations":[{"start":{"line":4,"column":33},"end":{"line":4,"column":39}}],"line":4},"1":{"loc":{"start":{"line":4,"column":41},"end":{"line":4,"column":56}},"type":"default-arg","locations":[{"start":{"line":4,"column":52},"end":{"line":4,"column":56}}],"line":4},"2":{"loc":{"start":{"line":17,"column":4},"end":{"line":22,"column":5}},"type":"switch","locations":[{"start":{"line":18,"column":6},"end":{"line":18,"column":51}},{"start":{"line":19,"column":6},"end":{"line":19,"column":45}},{"start":{"line":20,"column":6},"end":{"line":20,"column":57}},{"start":{"line":21,"column":6},"end":{"line":21,"column":43}}],"line":17},"3":{"loc":{"start":{"line":27,"column":4},"end":{"line":36,"column":5}},"type":"switch","locations":[{"start":{"line":28,"column":6},"end":{"line":29,"column":75}},{"start":{"line":30,"column":6},"end":{"line":31,"column":69}},{"start":{"line":32,"column":6},"end":{"line":33,"column":78}},{"start":{"line":34,"column":6},"end":{"line":35,"column":72}}],"line":27},"4":{"loc":{"start":{"line":42,"column":8},"end":{"line":42,"column":78}},"type":"cond-expr","locations":[{"start":{"line":42,"column":20},"end":{"line":42,"column":47}},{"start":{"line":42,"column":50},"end":{"line":42,"column":78}}],"line":42}},"s":{"0":0,"1":0,"2":0,"3":0,"4":0,"5":0,"6":0,"7":0,"8":0,"9":0,"10":0,"11":0,"12":0,"13":0,"14":0,"15":0,"16":0,"17":0,"18":0,"19":0,"20":0,"21":0,"22":0,"23":0},"f":{"0":0,"1":0,"2":0,"3":0,"4":0,"5":0,"6":0},"b":{"0":[0],"1":[0],"2":[0,0,0,0],"3":[0,0,0,0],"4":[0,0]}}
,"D:\\APP DEVELOPMENT\\bf446a62-6b82-4700-9f5a-7b357e36a48d-e95b3f4a-3bfb-45da-a11b-d02a0840f98d\\reactapp\\src\\components\\UploadModal.js": {"path":"D:\\APP DEVELOPMENT\\bf446a62-6b82-4700-9f5a-7b357e36a48d-e95b3f4a-3bfb-45da-a11b-d02a0840f98d\\reactapp\\src\\components\\UploadModal.js","statementMap":{"0":{"start":{"line":6,"column":20},"end":{"line":226,"column":1}},"1":{"start":{"line":7,"column":28},"end":{"line":7,"column":40}},"2":{"start":{"line":8,"column":36},"end":{"line":8,"column":51}},"3":{"start":{"line":9,"column":46},"end":{"line":9,"column":58}},"4":{"start":{"line":11,"column":17},"end":{"line":31,"column":8}},"5":{"start":{"line":12,"column":21},"end":{"line":18,"column":7}},"6":{"start":{"line":12,"column":48},"end":{"line":18,"column":5}},"7":{"start":{"line":20,"column":4},"end":{"line":28,"column":7}},"8":{"start":{"line":21,"column":6},"end":{"line":27,"column":9}},"9":{"start":{"line":30,"column":4},"end":{"line":30,"column":45}},"10":{"start":{"line":30,"column":21},"end":{"line":30,"column":43}},"11":{"start":{"line":33,"column":56},"end":{"line":43,"column":4}},"12":{"start":{"line":45,"column":21},"end":{"line":47,"column":3}},"13":{"start":{"line":46,"column":4},"end":{"line":46,"column":52}},"14":{"start":{"line":46,"column":21},"end":{"line":46,"column":50}},"15":{"start":{"line":46,"column":38},"end":{"line":46,"column":49}},"16":{"start":{"line":49,"column":22},"end":{"line":108,"column":3}},"17":{"start":{"line":50,"column":4},"end":{"line":50,"column":43}},"18":{"start":{"line":50,"column":36},"end":{"line":50,"column":43}},"19":{"start":{"line":52,"column":4},"end":{"line":52,"column":23}},"20":{"start":{"line":54,"column":4},"end":{"line":98,"column":5}},"21":{"start":{"line":55,"column":6},"end":{"line":55,"column":50}},"22":{"start":{"line":55,"column":41},"end":{"line":55,"column":50}},"23":{"start":{"line":57,"column":6},"end":{"line":97,"column":7}},"24":{"start":{"line":58,"column":8},"end":{"line":60,"column":11}},"25":{"start":{"line":58,"column":25},"end":{"line":60,"column":9}},"26":{"start":{"line":59,"column":10},"end":{"line":59,"column":79}},"27":{"start":{"line":62,"column":25},"end":{"line":62,"column":39}},"28":{"start":{"line":63,"column":8},"end":{"line":63,"column":47}},"29":{"start":{"line":64,"column":8},"end":{"line":64,"column":53}},"30":{"start":{"line":65,"column":8},"end":{"line":65,"column":49}},"31":{"start":{"line":68,"column":33},"end":{"line":75,"column":15}},"32":{"start":{"line":69,"column":10},"end":{"line":74,"column":14}},"33":{"start":{"line":69,"column":27},"end":{"line":74,"column":12}},"34":{"start":{"line":70,"column":12},"end":{"line":72,"column":13}},"35":{"start":{"line":71,"column":14},"end":{"line":71,"column":57}},"36":{"start":{"line":73,"column":12},"end":{"line":73,"column":21}},"37":{"start":{"line":77,"column":8},"end":{"line":82,"column":11}},"38":{"start":{"line":84,"column":8},"end":{"line":84,"column":40}},"39":{"start":{"line":85,"column":8},"end":{"line":87,"column":11}},"40":{"start":{"line":85,"column":25},"end":{"line":87,"column":9}},"41":{"start":{"line":86,"column":10},"end":{"line":86,"column":79}},"42":{"start":{"line":90,"column":8},"end":{"line":96,"column":11}},"43":{"start":{"line":90,"column":25},"end":{"line":96,"column":9}},"44":{"start":{"line":91,"column":10},"end":{"line":95,"column":15}},"45":{"start":{"line":100,"column":4},"end":{"line":100,"column":24}},"46":{"start":{"line":103,"column":4},"end":{"line":107,"column":5}},"47":{"start":{"line":103,"column":25},"end":{"line":103,"column":71}},"48":{"start":{"line":104,"column":6},"end":{"line":106,"column":15}},"49":{"start":{"line":105,"column":8},"end":{"line":105,"column":20}},"50":{"start":{"line":110,"column":25},"end":{"line":116,"column":3}},"51":{"start":{"line":111,"column":4},"end":{"line":111,"column":38}},"52":{"start":{"line":111,"column":21},"end":{"line":111,"column":38}},"53":{"start":{"line":112,"column":14},"end":{"line":112,"column":18}},"54":{"start":{"line":113,"column":18},"end":{"line":113,"column":45}},"55":{"start":{"line":114,"column":14},"end":{"line":114,"column":55}},"56":{"start":{"line":115,"column":4},"end":{"line":115,"column":76}},"57":{"start":{"line":118,"column":24},"end":{"line":125,"column":3}},"58":{"start":{"line":119,"column":4},"end":{"line":124,"column":5}},"59":{"start":{"line":120,"column":22},"end":{"line":120,"column":78}},"60":{"start":{"line":121,"column":20},"end":{"line":121,"column":80}},"61":{"start":{"line":122,"column":24},"end":{"line":122,"column":116}},"62":{"start":{"line":123,"column":15},"end":{"line":123,"column":69}},"63":{"start":{"line":127,"column":2},"end":{"line":225,"column":4}},"64":{"start":{"line":165,"column":18},"end":{"line":200,"column":24}},"65":{"start":{"line":194,"column":39},"end":{"line":194,"column":62}},"66":{"start":{"line":217,"column":69},"end":{"line":217,"column":91}},"67":{"start":{"line":220,"column":70},"end":{"line":220,"column":92}}},"fnMap":{"0":{"name":"(anonymous_0)","decl":{"start":{"line":6,"column":20},"end":{"line":6,"column":21}},"loc":{"start":{"line":6,"column":48},"end":{"line":226,"column":1}},"line":6},"1":{"name":"(anonymous_1)","decl":{"start":{"line":11,"column":29},"end":{"line":11,"column":30}},"loc":{"start":{"line":11,"column":63},"end":{"line":31,"column":3}},"line":11},"2":{"name":"(anonymous_2)","decl":{"start":{"line":12,"column":39},"end":{"line":12,"column":40}},"loc":{"start":{"line":12,"column":48},"end":{"line":18,"column":5}},"line":12},"3":{"name":"(anonymous_3)","decl":{"start":{"line":20,"column":26},"end":{"line":20,"column":27}},"loc":{"start":{"line":20,"column":48},"end":{"line":28,"column":5}},"line":20},"4":{"name":"(anonymous_4)","decl":{"start":{"line":30,"column":13},"end":{"line":30,"column":14}},"loc":{"start":{"line":30,"column":21},"end":{"line":30,"column":43}},"line":30},"5":{"name":"(anonymous_5)","decl":{"start":{"line":45,"column":21},"end":{"line":45,"column":22}},"loc":{"start":{"line":45,"column":29},"end":{"line":47,"column":3}},"line":45},"6":{"name":"(anonymous_6)","decl":{"start":{"line":46,"column":13},"end":{"line":46,"column":14}},"loc":{"start":{"line":46,"column":21},"end":{"line":46,"column":50}},"line":46},"7":{"name":"(anonymous_7)","decl":{"start":{"line":46,"column":33},"end":{"line":46,"column":34}},"loc":{"start":{"line":46,"column":38},"end":{"line":46,"column":49}},"line":46},"8":{"name":"(anonymous_8)","decl":{"start":{"line":49,"column":22},"end":{"line":49,"column":23}},"loc":{"start":{"line":49,"column":34},"end":{"line":108,"column":3}},"line":49},"9":{"name":"(anonymous_9)","decl":{"start":{"line":58,"column":17},"end":{"line":58,"column":18}},"loc":{"start":{"line":58,"column":25},"end":{"line":60,"column":9}},"line":58},"10":{"name":"(anonymous_10)","decl":{"start":{"line":58,"column":34},"end":{"line":58,"column":35}},"loc":{"start":{"line":59,"column":10},"end":{"line":59,"column":79}},"line":59},"11":{"name":"(anonymous_11)","decl":{"start":{"line":68,"column":45},"end":{"line":68,"column":46}},"loc":{"start":{"line":68,"column":51},"end":{"line":75,"column":9}},"line":68},"12":{"name":"(anonymous_12)","decl":{"start":{"line":69,"column":19},"end":{"line":69,"column":20}},"loc":{"start":{"line":69,"column":27},"end":{"line":74,"column":12}},"line":69},"13":{"name":"(anonymous_13)","decl":{"start":{"line":69,"column":36},"end":{"line":69,"column":37}},"loc":{"start":{"line":69,"column":41},"end":{"line":74,"column":11}},"line":69},"14":{"name":"(anonymous_14)","decl":{"start":{"line":85,"column":17},"end":{"line":85,"column":18}},"loc":{"start":{"line":85,"column":25},"end":{"line":87,"column":9}},"line":85},"15":{"name":"(anonymous_15)","decl":{"start":{"line":85,"column":34},"end":{"line":85,"column":35}},"loc":{"start":{"line":86,"column":10},"end":{"line":86,"column":79}},"line":86},"16":{"name":"(anonymous_16)","decl":{"start":{"line":90,"column":17},"end":{"line":90,"column":18}},"loc":{"start":{"line":90,"column":25},"end":{"line":96,"column":9}},"line":90},"17":{"name":"(anonymous_17)","decl":{"start":{"line":90,"column":34},"end":{"line":90,"column":35}},"loc":{"start":{"line":91,"column":10},"end":{"line":95,"column":15}},"line":91},"18":{"name":"(anonymous_18)","decl":{"start":{"line":103,"column":20},"end":{"line":103,"column":21}},"loc":{"start":{"line":103,"column":25},"end":{"line":103,"column":71}},"line":103},"19":{"name":"(anonymous_19)","decl":{"start":{"line":104,"column":17},"end":{"line":104,"column":18}},"loc":{"start":{"line":104,"column":23},"end":{"line":106,"column":7}},"line":104},"20":{"name":"(anonymous_20)","decl":{"start":{"line":110,"column":25},"end":{"line":110,"column":26}},"loc":{"start":{"line":110,"column":36},"end":{"line":116,"column":3}},"line":110},"21":{"name":"(anonymous_21)","decl":{"start":{"line":118,"column":24},"end":{"line":118,"column":25}},"loc":{"start":{"line":118,"column":36},"end":{"line":125,"column":3}},"line":118},"22":{"name":"(anonymous_22)","decl":{"start":{"line":164,"column":27},"end":{"line":164,"column":28}},"loc":{"start":{"line":165,"column":18},"end":{"line":200,"column":24}},"line":165},"23":{"name":"(anonymous_23)","decl":{"start":{"line":194,"column":33},"end":{"line":194,"column":34}},"loc":{"start":{"line":194,"column":39},"end":{"line":194,"column":62}},"line":194},"24":{"name":"(anonymous_24)","decl":{"start":{"line":217,"column":64},"end":{"line":217,"column":65}},"loc":{"start":{"line":217,"column":69},"end":{"line":217,"column":91}},"line":217},"25":{"name":"(anonymous_25)","decl":{"start":{"line":220,"column":65},"end":{"line":220,"column":66}},"loc":{"start":{"line":220,"column":70},"end":{"line":220,"column":92}},"line":220}},"branchMap":{"0":{"loc":{"start":{"line":26,"column":15},"end":{"line":26,"column":52}},"type":"binary-expr","locations":[{"start":{"line":26,"column":15},"end":{"line":26,"column":33}},{"start":{"line":26,"column":37},"end":{"line":26,"column":52}}],"line":26},"1":{"loc":{"start":{"line":50,"column":4},"end":{"line":50,"column":43}},"type":"if","locations":[{"start":{"line":50,"column":4},"end":{"line":50,"column":43}},{"start":{},"end":{}}],"line":50},"2":{"loc":{"start":{"line":50,"column":8},"end":{"line":50,"column":34}},"type":"binary-expr","locations":[{"start":{"line":50,"column":8},"end":{"line":50,"column":21}},{"start":{"line":50,"column":25},"end":{"line":50,"column":34}}],"line":50},"3":{"loc":{"start":{"line":55,"column":6},"end":{"line":55,"column":50}},"type":"if","locations":[{"start":{"line":55,"column":6},"end":{"line":55,"column":50}},{"start":{},"end":{}}],"line":55},"4":{"loc":{"start":{"line":59,"column":10},"end":{"line":59,"column":79}},"type":"cond-expr","locations":[{"start":{"line":59,"column":33},"end":{"line":59,"column":75}},{"start":{"line":59,"column":78},"end":{"line":59,"column":79}}],"line":59},"5":{"loc":{"start":{"line":70,"column":12},"end":{"line":72,"column":13}},"type":"if","locations":[{"start":{"line":70,"column":12},"end":{"line":72,"column":13}},{"start":{},"end":{}}],"line":70},"6":{"loc":{"start":{"line":70,"column":16},"end":{"line":70,"column":55}},"type":"binary-expr","locations":[{"start":{"line":70,"column":16},"end":{"line":70,"column":36}},{"start":{"line":70,"column":40},"end":{"line":70,"column":55}}],"line":70},"7":{"loc":{"start":{"line":86,"column":10},"end":{"line":86,"column":79}},"type":"cond-expr","locations":[{"start":{"line":86,"column":33},"end":{"line":86,"column":75}},{"start":{"line":86,"column":78},"end":{"line":86,"column":79}}],"line":86},"8":{"loc":{"start":{"line":91,"column":10},"end":{"line":95,"column":15}},"type":"cond-expr","locations":[{"start":{"line":91,"column":33},"end":{"line":95,"column":11}},{"start":{"line":95,"column":14},"end":{"line":95,"column":15}}],"line":91},"9":{"loc":{"start":{"line":94,"column":19},"end":{"line":94,"column":67}},"type":"binary-expr","locations":[{"start":{"line":94,"column":19},"end":{"line":94,"column":48}},{"start":{"line":94,"column":52},"end":{"line":94,"column":67}}],"line":94},"10":{"loc":{"start":{"line":103,"column":4},"end":{"line":107,"column":5}},"type":"if","locations":[{"start":{"line":103,"column":4},"end":{"line":107,"column":5}},{"start":{},"end":{}}],"line":103},"11":{"loc":{"start":{"line":103,"column":25},"end":{"line":103,"column":71}},"type":"binary-expr","locations":[{"start":{"line":103,"column":25},"end":{"line":103,"column":47}},{"start":{"line":103,"column":51},"end":{"line":103,"column":71}}],"line":103},"12":{"loc":{"start":{"line":111,"column":4},"end":{"line":111,"column":38}},"type":"if","locations":[{"start":{"line":111,"column":4},"end":{"line":111,"column":38}},{"start":{},"end":{}}],"line":111},"13":{"loc":{"start":{"line":119,"column":4},"end":{"line":124,"column":5}},"type":"switch","locations":[{"start":{"line":120,"column":6},"end":{"line":120,"column":78}},{"start":{"line":121,"column":6},"end":{"line":121,"column":80}},{"start":{"line":122,"column":6},"end":{"line":122,"column":116}},{"start":{"line":123,"column":6},"end":{"line":123,"column":69}}],"line":119},"14":{"loc":{"start":{"line":144,"column":14},"end":{"line":146,"column":57}},"type":"cond-expr","locations":[{"start":{"line":145,"column":18},"end":{"line":145,"column":46}},{"start":{"line":146,"column":18},"end":{"line":146,"column":57}}],"line":144},"15":{"loc":{"start":{"line":152,"column":15},"end":{"line":152,"column":74}},"type":"cond-expr","locations":[{"start":{"line":152,"column":30},"end":{"line":152,"column":47}},{"start":{"line":152,"column":50},"end":{"line":152,"column":74}}],"line":152},"16":{"loc":{"start":{"line":160,"column":11},"end":{"line":204,"column":11}},"type":"binary-expr","locations":[{"start":{"line":160,"column":11},"end":{"line":160,"column":27}},{"start":{"line":161,"column":12},"end":{"line":203,"column":18}}],"line":160},"17":{"loc":{"start":{"line":175,"column":25},"end":{"line":177,"column":25}},"type":"binary-expr","locations":[{"start":{"line":175,"column":25},"end":{"line":175,"column":39}},{"start":{"line":176,"column":26},"end":{"line":176,"column":87}}],"line":175},"18":{"loc":{"start":{"line":181,"column":21},"end":{"line":190,"column":21}},"type":"binary-expr","locations":[{"start":{"line":181,"column":21},"end":{"line":181,"column":52}},{"start":{"line":182,"column":22},"end":{"line":189,"column":28}}],"line":181},"19":{"loc":{"start":{"line":192,"column":21},"end":{"line":199,"column":21}},"type":"binary-expr","locations":[{"start":{"line":192,"column":21},"end":{"line":192,"column":50}},{"start":{"line":193,"column":22},"end":{"line":198,"column":31}}],"line":192},"20":{"loc":{"start":{"line":217,"column":22},"end":{"line":217,"column":92}},"type":"binary-expr","locations":[{"start":{"line":217,"column":22},"end":{"line":217,"column":35}},{"start":{"line":217,"column":39},"end":{"line":217,"column":48}},{"start":{"line":217,"column":52},"end":{"line":217,"column":92}}],"line":217},"21":{"loc":{"start":{"line":220,"column":13},"end":{"line":220,"column":108}},"type":"cond-expr","locations":[{"start":{"line":220,"column":25},"end":{"line":220,"column":39}},{"start":{"line":220,"column":42},"end":{"line":220,"column":108}}],"line":220}},"s":{"0":0,"1":0,"2":0,"3":0,"4":0,"5":0,"6":0,"7":0,"8":0,"9":0,"10":0,"11":0,"12":0,"13":0,"14":0,"15":0,"16":0,"17":0,"18":0,"19":0,"20":0,"21":0,"22":0,"23":0,"24":0,"25":0,"26":0,"27":0,"28":0,"29":0,"30":0,"31":0,"32":0,"33":0,"34":0,"35":0,"36":0,"37":0,"38":0,"39":0,"40":0,"41":0,"42":0,"43":0,"44":0,"45":0,"46":0,"47":0,"48":0,"49":0,"50":0,"51":0,"52":0,"53":0,"54":0,"55":0,"56":0,"57":0,"58":0,"59":0,"60":0,"61":0,"62":0,"63":0,"64":0,"65":0,"66":0,"67":0},"f":{"0":0,"1":0,"2":0,"3":0,"4":0,"5":0,"6":0,"7":0,"8":0,"9":0,"10":0,"11":0,"12":0,"13":0,"14":0,"15":0,"16":0,"17":0,"18":0,"19":0,"20":0,"21":0,"22":0,"23":0,"24":0,"25":0},"b":{"0":[0,0],"1":[0,0],"2":[0,0],"3":[0,0],"4":[0,0],"5":[0,0],"6":[0,0],"7":[0,0],"8":[0,0],"9":[0,0],"10":[0,0],"11":[0,0],"12":[0,0],"13":[0,0,0,0],"14":[0,0],"15":[0,0],"16":[0,0],"17":[0,0],"18":[0,0],"19":[0,0],"20":[0,0,0],"21":[0,0]}}
,"D:\\APP DEVELOPMENT\\bf446a62-6b82-4700-9f5a-7b357e36a48d-e95b3f4a-3bfb-45da-a11b-d02a0840f98d\\reactapp\\src\\contexts\\AuthContext.js": {"path":"D:\\APP DEVELOPMENT\\bf446a62-6b82-4700-9f5a-7b357e36a48d-e95b3f4a-3bfb-45da-a11b-d02a0840f98d\\reactapp\\src\\contexts\\AuthContext.js","statementMap":{"0":{"start":{"line":4,"column":20},"end":{"line":4,"column":35}},"1":{"start":{"line":6,"column":23},"end":{"line":12,"column":1}},"2":{"start":{"line":7,"column":18},"end":{"line":7,"column":41}},"3":{"start":{"line":8,"column":2},"end":{"line":10,"column":3}},"4":{"start":{"line":9,"column":4},"end":{"line":9,"column":67}},"5":{"start":{"line":11,"column":2},"end":{"line":11,"column":17}},"6":{"start":{"line":14,"column":28},"end":{"line":83,"column":1}},"7":{"start":{"line":15,"column":26},"end":{"line":15,"column":40}},"8":{"start":{"line":16,"column":32},"end":{"line":16,"column":46}},"9":{"start":{"line":18,"column":2},"end":{"line":39,"column":9}},"10":{"start":{"line":19,"column":18},"end":{"line":19,"column":47}},"11":{"start":{"line":20,"column":22},"end":{"line":20,"column":50}},"12":{"start":{"line":22,"column":4},"end":{"line":37,"column":5}},"13":{"start":{"line":23,"column":6},"end":{"line":36,"column":7}},"14":{"start":{"line":24,"column":24},"end":{"line":24,"column":61}},"15":{"start":{"line":25,"column":28},"end":{"line":25,"column":45}},"16":{"start":{"line":27,"column":8},"end":{"line":32,"column":9}},"17":{"start":{"line":28,"column":10},"end":{"line":28,"column":41}},"18":{"start":{"line":30,"column":10},"end":{"line":30,"column":43}},"19":{"start":{"line":31,"column":10},"end":{"line":31,"column":42}},"20":{"start":{"line":34,"column":8},"end":{"line":34,"column":41}},"21":{"start":{"line":35,"column":8},"end":{"line":35,"column":40}},"22":{"start":{"line":38,"column":4},"end":{"line":38,"column":22}},"23":{"start":{"line":41,"column":16},"end":{"line":52,"column":3}},"24":{"start":{"line":42,"column":4},"end":{"line":51,"column":5}},"25":{"start":{"line":43,"column":23},"end":{"line":43,"column":71}},"26":{"start":{"line":44,"column":30},"end":{"line":44,"column":43}},"27":{"start":{"line":45,"column":6},"end":{"line":45,"column":43}},"28":{"start":{"line":46,"column":6},"end":{"line":46,"column":57}},"29":{"start":{"line":47,"column":6},"end":{"line":47,"column":20}},"30":{"start":{"line":48,"column":6},"end":{"line":48,"column":27}},"31":{"start":{"line":50,"column":6},"end":{"line":50,"column":18}},"32":{"start":{"line":54,"column":19},"end":{"line":61,"column":3}},"33":{"start":{"line":55,"column":4},"end":{"line":60,"column":5}},"34":{"start":{"line":56,"column":23},"end":{"line":56,"column":72}},"35":{"start":{"line":57,"column":6},"end":{"line":57,"column":27}},"36":{"start":{"line":59,"column":6},"end":{"line":59,"column":18}},"37":{"start":{"line":63,"column":17},"end":{"line":67,"column":3}},"38":{"start":{"line":64,"column":4},"end":{"line":64,"column":37}},"39":{"start":{"line":65,"column":4},"end":{"line":65,"column":36}},"40":{"start":{"line":66,"column":4},"end":{"line":66,"column":18}},"41":{"start":{"line":69,"column":16},"end":{"line":76,"column":3}},"42":{"start":{"line":78,"column":2},"end":{"line":82,"column":4}}},"fnMap":{"0":{"name":"(anonymous_0)","decl":{"start":{"line":6,"column":23},"end":{"line":6,"column":24}},"loc":{"start":{"line":6,"column":29},"end":{"line":12,"column":1}},"line":6},"1":{"name":"(anonymous_1)","decl":{"start":{"line":14,"column":28},"end":{"line":14,"column":29}},"loc":{"start":{"line":14,"column":46},"end":{"line":83,"column":1}},"line":14},"2":{"name":"(anonymous_2)","decl":{"start":{"line":18,"column":12},"end":{"line":18,"column":13}},"loc":{"start":{"line":18,"column":18},"end":{"line":39,"column":3}},"line":18},"3":{"name":"(anonymous_3)","decl":{"start":{"line":41,"column":16},"end":{"line":41,"column":17}},"loc":{"start":{"line":41,"column":39},"end":{"line":52,"column":3}},"line":41},"4":{"name":"(anonymous_4)","decl":{"start":{"line":54,"column":19},"end":{"line":54,"column":20}},"loc":{"start":{"line":54,"column":39},"end":{"line":61,"column":3}},"line":54},"5":{"name":"(anonymous_5)","decl":{"start":{"line":63,"column":17},"end":{"line":63,"column":18}},"loc":{"start":{"line":63,"column":23},"end":{"line":67,"column":3}},"line":63}},"branchMap":{"0":{"loc":{"start":{"line":8,"column":2},"end":{"line":10,"column":3}},"type":"if","locations":[{"start":{"line":8,"column":2},"end":{"line":10,"column":3}},{"start":{},"end":{}}],"line":8},"1":{"loc":{"start":{"line":22,"column":4},"end":{"line":37,"column":5}},"type":"if","locations":[{"start":{"line":22,"column":4},"end":{"line":37,"column":5}},{"start":{},"end":{}}],"line":22},"2":{"loc":{"start":{"line":22,"column":8},"end":{"line":22,"column":26}},"type":"binary-expr","locations":[{"start":{"line":22,"column":8},"end":{"line":22,"column":13}},{"start":{"line":22,"column":17},"end":{"line":22,"column":26}}],"line":22},"3":{"loc":{"start":{"line":27,"column":8},"end":{"line":32,"column":9}},"type":"if","locations":[{"start":{"line":27,"column":8},"end":{"line":32,"column":9}},{"start":{"line":29,"column":15},"end":{"line":32,"column":9}}],"line":27},"4":{"loc":{"start":{"line":80,"column":7},"end":{"line":80,"column":27}},"type":"binary-expr","locations":[{"start":{"line":80,"column":7},"end":{"line":80,"column":15}},{"start":{"line":80,"column":19},"end":{"line":80,"column":27}}],"line":80}},"s":{"0":0,"1":0,"2":0,"3":0,"4":0,"5":0,"6":0,"7":0,"8":0,"9":0,"10":0,"11":0,"12":0,"13":0,"14":0,"15":0,"16":0,"17":0,"18":0,"19":0,"20":0,"21":0,"22":0,"23":0,"24":0,"25":0,"26":0,"27":0,"28":0,"29":0,"30":0,"31":0,"32":0,"33":0,"34":0,"35":0,"36":0,"37":0,"38":0,"39":0,"40":0,"41":0,"42":0},"f":{"0":0,"1":0,"2":0,"3":0,"4":0,"5":0},"b":{"0":[0,0],"1":[0,0],"2":[0,0],"3":[0,0],"4":[0,0]}}
,"D:\\APP DEVELOPMENT\\bf446a62-6b82-4700-9f5a-7b357e36a48d-e95b3f4a-3bfb-45da-a11b-d02a0840f98d\\reactapp\\src\\contexts\\ToastContext.js": {"path":"D:\\APP DEVELOPMENT\\bf446a62-6b82-4700-9f5a-7b357e36a48d-e95b3f4a-3bfb-45da-a11b-d02a0840f98d\\reactapp\\src\\contexts\\ToastContext.js","statementMap":{"0":{"start":{"line":4,"column":21},"end":{"line":4,"column":36}},"1":{"start":{"line":6,"column":24},"end":{"line":12,"column":1}},"2":{"start":{"line":7,"column":18},"end":{"line":7,"column":42}},"3":{"start":{"line":8,"column":2},"end":{"line":10,"column":3}},"4":{"start":{"line":9,"column":4},"end":{"line":9,"column":68}},"5":{"start":{"line":11,"column":2},"end":{"line":11,"column":17}},"6":{"start":{"line":14,"column":29},"end":{"line":57,"column":1}},"7":{"start":{"line":15,"column":30},"end":{"line":15,"column":42}},"8":{"start":{"line":17,"column":19},"end":{"line":22,"column":3}},"9":{"start":{"line":18,"column":15},"end":{"line":18,"column":41}},"10":{"start":{"line":19,"column":18},"end":{"line":19,"column":49}},"11":{"start":{"line":21,"column":4},"end":{"line":21,"column":40}},"12":{"start":{"line":21,"column":22},"end":{"line":21,"column":38}},"13":{"start":{"line":24,"column":22},"end":{"line":26,"column":3}},"14":{"start":{"line":25,"column":4},"end":{"line":25,"column":61}},"15":{"start":{"line":25,"column":22},"end":{"line":25,"column":59}},"16":{"start":{"line":25,"column":43},"end":{"line":25,"column":58}},"17":{"start":{"line":28,"column":22},"end":{"line":28,"column":83}},"18":{"start":{"line":28,"column":45},"end":{"line":28,"column":83}},"19":{"start":{"line":29,"column":20},"end":{"line":29,"column":79}},"20":{"start":{"line":29,"column":43},"end":{"line":29,"column":79}},"21":{"start":{"line":30,"column":22},"end":{"line":30,"column":83}},"22":{"start":{"line":30,"column":45},"end":{"line":30,"column":83}},"23":{"start":{"line":31,"column":19},"end":{"line":31,"column":77}},"24":{"start":{"line":31,"column":42},"end":{"line":31,"column":77}},"25":{"start":{"line":33,"column":16},"end":{"line":39,"column":3}},"26":{"start":{"line":41,"column":2},"end":{"line":56,"column":4}},"27":{"start":{"line":46,"column":10},"end":{"line":52,"column":12}},"28":{"start":{"line":51,"column":27},"end":{"line":51,"column":48}}},"fnMap":{"0":{"name":"(anonymous_0)","decl":{"start":{"line":6,"column":24},"end":{"line":6,"column":25}},"loc":{"start":{"line":6,"column":30},"end":{"line":12,"column":1}},"line":6},"1":{"name":"(anonymous_1)","decl":{"start":{"line":14,"column":29},"end":{"line":14,"column":30}},"loc":{"start":{"line":14,"column":47},"end":{"line":57,"column":1}},"line":14},"2":{"name":"(anonymous_2)","decl":{"start":{"line":17,"column":19},"end":{"line":17,"column":20}},"loc":{"start":{"line":17,"column":64},"end":{"line":22,"column":3}},"line":17},"3":{"name":"(anonymous_3)","decl":{"start":{"line":21,"column":14},"end":{"line":21,"column":15}},"loc":{"start":{"line":21,"column":22},"end":{"line":21,"column":38}},"line":21},"4":{"name":"(anonymous_4)","decl":{"start":{"line":24,"column":22},"end":{"line":24,"column":23}},"loc":{"start":{"line":24,"column":30},"end":{"line":26,"column":3}},"line":24},"5":{"name":"(anonymous_5)","decl":{"start":{"line":25,"column":14},"end":{"line":25,"column":15}},"loc":{"start":{"line":25,"column":22},"end":{"line":25,"column":59}},"line":25},"6":{"name":"(anonymous_6)","decl":{"start":{"line":25,"column":34},"end":{"line":25,"column":35}},"loc":{"start":{"line":25,"column":43},"end":{"line":25,"column":58}},"line":25},"7":{"name":"(anonymous_7)","decl":{"start":{"line":28,"column":22},"end":{"line":28,"column":23}},"loc":{"start":{"line":28,"column":45},"end":{"line":28,"column":83}},"line":28},"8":{"name":"(anonymous_8)","decl":{"start":{"line":29,"column":20},"end":{"line":29,"column":21}},"loc":{"start":{"line":29,"column":43},"end":{"line":29,"column":79}},"line":29},"9":{"name":"(anonymous_9)","decl":{"start":{"line":30,"column":22},"end":{"line":30,"column":23}},"loc":{"start":{"line":30,"column":45},"end":{"line":30,"column":83}},"line":30},"10":{"name":"(anonymous_10)","decl":{"start":{"line":31,"column":19},"end":{"line":31,"column":20}},"loc":{"start":{"line":31,"column":42},"end":{"line":31,"column":77}},"line":31},"11":{"name":"(anonymous_11)","decl":{"start":{"line":45,"column":20},"end":{"line":45,"column":21}},"loc":{"start":{"line":46,"column":10},"end":{"line":52,"column":12}},"line":46},"12":{"name":"(anonymous_12)","decl":{"start":{"line":51,"column":21},"end":{"line":51,"column":22}},"loc":{"start":{"line":51,"column":27},"end":{"line":51,"column":48}},"line":51}},"branchMap":{"0":{"loc":{"start":{"line":8,"column":2},"end":{"line":10,"column":3}},"type":"if","locations":[{"start":{"line":8,"column":2},"end":{"line":10,"column":3}},{"start":{},"end":{}}],"line":8},"1":{"loc":{"start":{"line":17,"column":29},"end":{"line":17,"column":42}},"type":"default-arg","locations":[{"start":{"line":17,"column":36},"end":{"line":17,"column":42}}],"line":17},"2":{"loc":{"start":{"line":17,"column":44},"end":{"line":17,"column":59}},"type":"default-arg","locations":[{"start":{"line":17,"column":55},"end":{"line":17,"column":59}}],"line":17}},"s":{"0":0,"1":0,"2":0,"3":0,"4":0,"5":0,"6":0,"7":0,"8":0,"9":0,"10":0,"11":0,"12":0,"13":0,"14":0,"15":0,"16":0,"17":0,"18":0,"19":0,"20":0,"21":0,"22":0,"23":0,"24":0,"25":0,"26":0,"27":0,"28":0},"f":{"0":0,"1":0,"2":0,"3":0,"4":0,"5":0,"6":0,"7":0,"8":0,"9":0,"10":0,"11":0,"12":0},"b":{"0":[0,0],"1":[0],"2":[0]}}
,"D:\\APP DEVELOPMENT\\bf446a62-6b82-4700-9f5a-7b357e36a48d-e95b3f4a-3bfb-45da-a11b-d02a0840f98d\\reactapp\\src\\pages\\Admin.js": {"path":"D:\\APP DEVELOPMENT\\bf446a62-6b82-4700-9f5a-7b357e36a48d-e95b3f4a-3bfb-45da-a11b-d02a0840f98d\\reactapp\\src\\pages\\Admin.js","statementMap":{"0":{"start":{"line":6,"column":14},"end":{"line":187,"column":1}},"1":{"start":{"line":7,"column":36},"end":{"line":7,"column":53}},"2":{"start":{"line":8,"column":28},"end":{"line":8,"column":40}},"3":{"start":{"line":9,"column":28},"end":{"line":14,"column":4}},"4":{"start":{"line":16,"column":2},"end":{"line":19,"column":9}},"5":{"start":{"line":17,"column":4},"end":{"line":17,"column":17}},"6":{"start":{"line":18,"column":4},"end":{"line":18,"column":17}},"7":{"start":{"line":21,"column":21},"end":{"line":34,"column":3}},"8":{"start":{"line":22,"column":4},"end":{"line":33,"column":5}},"9":{"start":{"line":23,"column":23},"end":{"line":23,"column":52}},"10":{"start":{"line":24,"column":6},"end":{"line":24,"column":30}},"11":{"start":{"line":26,"column":6},"end":{"line":26,"column":52}},"12":{"start":{"line":27,"column":6},"end":{"line":32,"column":9}},"13":{"start":{"line":36,"column":21},"end":{"line":44,"column":3}},"14":{"start":{"line":37,"column":4},"end":{"line":43,"column":5}},"15":{"start":{"line":38,"column":23},"end":{"line":38,"column":52}},"16":{"start":{"line":39,"column":6},"end":{"line":39,"column":30}},"17":{"start":{"line":41,"column":6},"end":{"line":41,"column":52}},"18":{"start":{"line":42,"column":6},"end":{"line":42,"column":19}},"19":{"start":{"line":46,"column":15},"end":{"line":51,"column":3}},"20":{"start":{"line":53,"column":19},"end":{"line":65,"column":3}},"21":{"start":{"line":54,"column":4},"end":{"line":64,"column":10}},"22":{"start":{"line":67,"column":20},"end":{"line":119,"column":3}},"23":{"start":{"line":68,"column":4},"end":{"line":118,"column":10}},"24":{"start":{"line":85,"column":14},"end":{"line":113,"column":19}},"25":{"start":{"line":121,"column":2},"end":{"line":186,"column":4}},"26":{"start":{"line":143,"column":27},"end":{"line":143,"column":35}},"27":{"start":{"line":144,"column":14},"end":{"line":157,"column":16}},"28":{"start":{"line":147,"column":33},"end":{"line":147,"column
[...]
,"D:\\APP DEVELOPMENT\\bf446a62-6b82-4700-9f5a-7b357e36a48d-e95b3f4a-3bfb-45da-a11b-d02a0840f98d\\reactapp\\src\\utils\\api.js": {"path":"D:\\APP DEVELOPMENT\\bf446a62-6b82-4700-9f5a-7b357e36a48d-e95b3f4a-3bfb-45da-a11b-d02a0840f98d\\reactapp\\src\\utils\\api.js","statementMap":{"0":{"start":{"line":3,"column":21},"end":{"line":3,"column":86}},"1":{"start":{"line":5,"column":12},"end":{"line":7,"column":2}},"2":{"start":{"line":9,"column":0},"end":{"line":15,"column":3}},"3":{"start":{"line":10,"column":16},"end":{"line":10,"column":45}},"4":{"start":{"line":11,"column":2},"end":{"line":13,"column":3}},"5":{"start":{"line":12,"column":4},"end":{"line":12,"column":53}},"6":{"start":{"line":14,"column":2},"end":{"line":14,"column":16}},"7":{"start":{"line":17,"column":27},"end":{"line":21,"column":1}},"8":{"start":{"line":18,"column":26},"end":{"line":18,"column":62}},"9":{"start":{"line":19,"column":26},"end":{"line":19,"column":63}},"10":{"start":{"line":20,"column":16},"end":{"line":20,"column":48}},"11":{"start":{"line":23,"column":31},"end":{"line":29,"column":1}},"12":{"start":{"line":24,"column":27},"end":{"line":24,"column":60}},"13":{"start":{"line":25,"column":19},"end":{"line":25,"column":46}},"14":{"start":{"line":26,"column":20},"end":{"line":26,"column":48}},"15":{"start":{"line":27,"column":24},"end":{"line":27,"column":57}},"16":{"start":{"line":28,"column":18},"end":{"line":28,"column":48}},"17":{"start":{"line":31,"column":29},"end":{"line":36,"column":1}},"18":{"start":{"line":32,"column":16},"end":{"line":32,"column":35}},"19":{"start":{"line":33,"column":20},"end":{"line":33,"column":46}},"20":{"start":{"line":34,"column":24},"end":{"line":34,"column":55}},"21":{"start":{"line":35,"column":18},"end":{"line":35,"column":46}},"22":{"start":{"line":39,"column":19},"end":{"line":45,"column":1}},"23":{"start":{"line":40,"column":25},"end":{"line":40,"column":70}},"24":{"start":{"line":40,"column":61},"end":{"line":40,"column":69}},"25":{"start":{"line":41,"column":27},"end":{"line":41,"column":78}},"26":{"start":{"line":41,"column":69},"end":{"line":41,"column":77}},"27":{"start":{"line":42,"column":28},"end":{"line":42,"column":80}},"28":{"start":{"line":42,"column":71},"end":{"line":42,"column":79}},"29":{"start":{"line":43,"column":32},"end":{"line":43,"column":89}},"30":{"start":{"line":43,"column":80},"end":{"line":43,"column":88}},"31":{"start":{"line":44,"column":26},"end":{"line":44,"column":80}},"32":{"start":{"line":44,"column":71},"end":{"line":44,"column":79}},"33":{"start":{"line":47,"column":0},"end":{"line":47,"column":31}}},"fnMap":{"0":{"name":"(anonymous_0)","decl":{"start":{"line":9,"column":29},"end":{"line":9,"column":30}},"loc":{"start":{"line":9,"column":41},"end":{"line":15,"column":1}},"line":9},"1":{"name":"(anonymous_1)","decl":{"start":{"line":18,"column":9},"end":{"line":18,"column":10}},"loc":{"start":{"line":18,"column":26},"end":{"line":18,"column":62}},"line":18},"2":{"name":"(anonymous_2)","decl":{"start":{"line":19,"column":12},"end":{"line":19,"column":13}},"loc":{"start":{"line":19,"column":26},"end":{"line":19,"column":63}},"line":19},"3":{"name":"(anonymous_3)","decl":{"start":{"line":20,"column":10},"end":{"line":20,"column":11}},"loc":{"start":{"line":20,"column":16},"end":{"line":20,"column":48}},"line":20},"4":{"name":"(anonymous_4)","decl":{"start":{"line":24,"column":10},"end":{"line":24,"column":11}},"loc":{"start":{"line":24,"column":27},"end":{"line":24,"column":60}},"line":24},"5":{"name":"(anonymous_5)","decl":{"start":{"line":25,"column":11},"end":{"line":25,"column":12}},"loc":{"start":{"line":25,"column":19},"end":{"line":25,"column":46}},"line":25},"6":{"name":"(anonymous_6)","decl":{"start":{"line":26,"column":10},"end":{"line":26,"column":11}},"loc":{"start":{"line":26,"column":20},"end":{"line":26,"column":48}},"line":26},"7":{"name":"(anonymous_7)","decl":{"start":{"line":27,"column":10},"end":{"line":27,"column":11}},"loc":{"start":{"line":27,"column":24},"end":{"line":27,"column":57}},"line":27},"8":{"name":"(anonymous_8)","decl":{"start":{"line":28,"column":10},"end":{"line":28,"column":11}},"loc":{"start":{"line":28,"column":18},"end":{"line":28,"column":48}},"line":28},"9":{"name":"(anonymous_9)","decl":{"start":{"line":32,"column":10},"end":{"line":32,"column":11}},"loc":{"start":{"line":32,"column":16},"end":{"line":32,"column":35}},"line":32},"10":{"name":"(anonymous_10)","decl":{"start":{"line":33,"column":10},"end":{"line":33,"column":11}},"loc":{"start":{"line":33,"column":20},"end":{"line":33,"column":46}},"line":33},"11":{"name":"(anonymous_11)","decl":{"start":{"line":34,"column":10},"end":{"line":34,"column":11}},"loc":{"start":{"line":34,"column":24},"end":{"line":34,"column":55}},"line":34},"12":{"name":"(anonymous_12)","decl":{"start":{"line":35,"column":10},"end":{"line":35,"column":11}},"loc":{"start":{"line":35,"column":18},"end":{"line":35,"column":46}},"line":35},"13":{"name":"(anonymous_13)","decl":{"start":{"line":40,"column":19},"end":{"line":40,"column":20}},"loc":{"start":{"line":40,"column":25},"end":{"line":40,"column":70}},"line":40},"14":{"name":"(anonymous_14)","decl":{"start":{"line":40,"column":54},"end":{"line":40,"column":55}},"loc":{"start":{"line":40,"column":61},"end":{"line":40,"column":69}},"line":40},"15":{"name":"(anonymous_15)","decl":{"start":{"line":41,"column":19},"end":{"line":41,"column":20}},"loc":{"start":{"line":41,"column":27},"end":{"line":41,"column":78}},"line":41},"16":{"name":"(anonymous_16)","decl":{"start":{"line":41,"column":62},"end":{"line":41,"column":63}},"loc":{"start":{"line":41,"column":69},"end":{"line":41,"column":77}},"line":41},"17":{"name":"(anonymous_17)","decl":{"start":{"line":42,"column":18},"end":{"line":42,"column":19}},"loc":{"start":{"line":42,"column":28},"end":{"line":42,"column":80}},"line":42},"18":{"name":"(anonymous_18)","decl":{"start":{"line":42,"column":64},"end":{"line":42,"column":65}},"loc":{"start":{"line":42,"column":71},"end":{"line":42,"column":79}},"line":42},"19":{"name":"(anonymous_19)","decl":{"start":{"line":43,"column":18},"end":{"line":43,"column":19}},"loc":{"start":{"line":43,"column":32},"end":{"line":43,"column":89}},"line":43},"20":{"name":"(anonymous_20)","decl":{"start":{"line":43,"column":73},"end":{"line":43,"column":74}},"loc":{"start":{"line":43,"column":80},"end":{"line":43,"column":88}},"line":43},"21":{"name":"(anonymous_21)","decl":{"start":{"line":44,"column":18},"end":{"line":44,"column":19}},"loc":{"start":{"line":44,"column":26},"end":{"line":44,"column":80}},"line":44},"22":{"name":"(anonymous_22)","decl":{"start":{"line":44,"column":64},"end":{"line":44,"column":65}},"loc":{"start":{"line":44,"column":71},"end":{"line":44,"column":79}},"line":44}},"branchMap":{"0":{"loc":{"start":{"line":3,"column":21},"end":{"line":3,"column":86}},"type":"binary-expr","locations":[{"start":{"line":3,"column":21},"end":{"line":3,"column":55}},{"start":{"line":3,"column":59},"end":{"line":3,"column":86}}],"line":3},"1":{"loc":{"start":{"line":11,"column":2},"end":{"line":13,"column":3}},"type":"if","locations":[{"start":{"line":11,"column":2},"end":{"line":13,"column":3}},{"start":{},"end":{}}],"line":11},"2":{"loc":{"start":{"line":24,"column":11},"end":{"line":24,"column":22}},"type":"default-arg","locations":[{"start":{"line":24,"column":20},"end":{"line":24,"column":22}}],"line":24}},"s":{"0":1,"1":1,"2":1,"3":0,"4":0,"5":0,"6":0,"7":1,"8":0,"9":0,"10":0,"11":1,"12":0,"13":0,"14":0,"15":0,"16":0,"17":1,"18":0,"19":0,"20":0,"21":0,"22":1,"23":1,"24":1,"25":1,"26":1,"27":1,"28":1,"29":1,"30":1,"31":1,"32":1,"33":1},"f":{"0":0,"1":0,"2":0,"3":0,"4":0,"5":0,"6":0,"7":0,"8":0,"9":0,"10":0,"11":0,"12":0,"13":1,"14":1,"15":1,"16":1,"17":1,"18":1,"19":1,"20":1,"21":1,"22":1},"b":{"0":[1,1],"1":[0,0],"2":[0]},"_coverageSchema":"1a1c01bbd47fc00a2c39e90264f33305004495a9","hash":"193c30d73aa9425070c59fe7dc8e4f89686a8879"}
,"D:\\APP DEVELOPMENT\\bf446a62-6b82-4700-9f5a-7b357e36a48d-e95b3f4a-3bfb-45da-a11b-d02a0840f98d\\reactapp\\src\\utils\\helpers.js": {"path":"D:\\APP DEVELOPMENT\\bf446a62-6b82-4700-9f5a-7b357e36a48d-e95b3f4a-3bfb-45da-a11b-d02a0840f98d\\reactapp\\src\\utils\\helpers.js","statementMap":{"0":{"start":{"line":1,"column":30},"end":{"line":7,"column":1}},"1":{"start":{"line":2,"column":2},"end":{"line":2,"column":42}},"2":{"start":{"line":2,"column":29},"end":{"line":2,"column":42}},"3":{"start":{"line":3,"column":12},"end":{"line":3,"column":16}},"4":{"start":{"line":4,"column":16},"end":{"line":4,"column":45}},"5":{"start":{"line":5,"column":12},"end":{"line":5,"column":53}},"6":{"start":{"line":6,"column":2},"end":{"line":6,"column":74}},"7":{"start":{"line":9,"column":26},"end":{"line":26,"column":1}},"8":{"start":{"line":10,"column":2},"end":{"line":10,"column":29}},"9":{"start":{"line":10,"column":19},"end":{"line":10,"column":29}},"10":{"start":{"line":11,"column":15},"end":{"line":11,"column":35}},"11":{"start":{"line":12,"column":14},"end":{"line":12,"column":24}},"12":{"start":{"line":13,"column":19},"end":{"line":13,"column":39}},"13":{"start":{"line":14,"column":19},"end":{"line":14,"column":62}},"14":{"start":{"line":16,"column":2},"end":{"line":16,"column":41}},"15":{"start":{"line":16,"column":22},"end":{"line":16,"column":41}},"16":{"start":{"line":17,"column":2},"end":{"line":17,"column":50}},"17":{"start":{"line":17,"column":20},"end":{"line":17,"column":50}},"18":{"start":{"line":18,"column":2},"end":{"line":18,"column":67}},"19":{"start":{"line":18,"column":21},"end":{"line":18,"column":67}},"20":{"start":{"line":19,"column":2},"end":{"line":19,"column":70}},"21":{"start":{"line":19,"column":22},"end":{"line":19,"column":70}},"22":{"start":{"line":21,"column":2},"end":{"line":25,"column":5}},"23":{"start":{"line":28,"column":27},"end":{"line":52,"column":1}},"24":{"start":{"line":29,"column":2},"end":{"line":29,"column":31}},"25":{"start":{"line":29,"column":17},"end":{"line":29,"column":31}},"26":{"start":{"line":30,"column":14},"end":{"line":30,"column":54}},"27":{"start":{"line":32,"column":18},"end":{"line":49,"column":3}},"28":{"start":{"line":51,"column":2},"end":{"line":51,"column":32}},"29":{"start":{"line":54,"column":28},"end":{"line":80,"column":1}},"30":{"start":{"line":55,"column":17},"end":{"line":55,"column":19}},"31":{"start":{"line":57,"column":2},"end":{"line":59,"column":3}},"32":{"start":{"line":58,"column":4},"end":{"line":58,"column":74}},"33":{"start":{"line":61,"column":23},"end":{"line":70,"column":3}},"34":{"start":{"line":72,"column":2},"end":{"line":74,"column":3}},"35":{"start":{"line":73,"column":4},"end":{"line":73,"column":43}},"36":{"start":{"line":76,"column":2},"end":{"line":79,"column":4}},"37":{"start":{"line":82,"column":28},"end":{"line":91,"column":1}},"38":{"start":{"line":83,"column":14},"end":{"line":83,"column":46}},"39":{"start":{"line":84,"column":15},"end":{"line":84,"column":42}},"40":{"start":{"line":85,"column":2},"end":{"line":85,"column":18}},"41":{"start":{"line":86,"column":2},"end":{"line":86,"column":27}},"42":{"start":{"line":87,"column":2},"end":{"line":87,"column":34}},"43":{"start":{"line":88,"column":2},"end":{"line":88,"column":15}},"44":{"start":{"line":89,"column":2},"end":{"line":89,"column":34}},"45":{"start":{"line":90,"column":2},"end":{"line":90,"column":34}},"46":{"start":{"line":93,"column":31},"end":{"line":107,"column":1}},"47":{"start":{"line":94,"column":2},"end":{"line":106,"column":3}},"48":{"start":{"line":95,"column":4},"end":{"line":95,"column":46}},"49":{"start":{"line":96,"column":4},"end":{"line":96,"column":16}},"50":{"start":{"line":99,"column":21},"end":{"line":99,"column":55}},"51":{"start":{"line":100,"column":4},"end":{"line":100,"column":26}},"52":{"start":{"line":101,"column":4},"end":{"line":101,"column":40}},"53":{"start":{"line":102,"column":4},"end":{"line":102,"column":22}},"54":{"start":{"line":103,"column":4},"end":{"line":103,"column":33}},"55":{"start":{"line":104,"column":4},"end":{"line":104,"column":40}},"56":{"start":{"line":105,"column":4},"end":{"line":105,"column":16}},"57":{"start":{"line":109,"column":24},"end":{"line":119,"column":1}},"58":{"start":{"line":111,"column":2},"end":{"line":118,"column":4}},"59":{"start":{"line":112,"column":18},"end":{"line":115,"column":5}},"60":{"start":{"line":113,"column":6},"end":{"line":113,"column":28}},"61":{"start":{"line":114,"column":6},"end":{"line":114,"column":20}},"62":{"start":{"line":116,"column":4},"end":{"line":116,"column":26}},"63":{"start":{"line":117,"column":4},"end":{"line":117,"column":38}},"64":{"start":{"line":121,"column":28},"end":{"line":124,"column":1}},"65":{"start":{"line":122,"column":2},"end":{"line":122,"column":53}},"66":{"start":{"line":122,"column":41},"end":{"line":122,"column":53}},"67":{"start":{"line":123,"column":2},"end":{"line":123,"column":46}}},"fnMap":{"0":{"name":"(anonymous_0)","decl":{"start":{"line":1,"column":30},"end":{"line":1,"column":31}},"loc":{"start":{"line":1,"column":41},"end":{"line":7,"column":1}},"line":1},"1":{"name":"(anonymous_1)","decl":{"start":{"line":9,"column":26},"end":{"line":9,"column":27}},"loc":{"start":{"line":9,"column":42},"end":{"line":26,"column":1}},"line":9},"2":{"name":"(anonymous_2)","decl":{"start":{"line":28,"column":27},"end":{"line":28,"column":28}},"loc":{"start":{"line":28,"column":41},"end":{"line":52,"column":1}},"line":28},"3":{"name":"(anonymous_3)","decl":{"start":{"line":54,"column":28},"end":{"line":54,"column":29}},"loc":{"start":{"line":54,"column":66},"end":{"line":80,"column":1}},"line":54},"4":{"name":"(anonymous_4)","decl":{"start":{"line":82,"column":28},"end":{"line":82,"column":29}},"loc":{"start":{"line":82,"column":48},"end":{"line":91,"column":1}},"line":82},"5":{"name":"(anonymous_5)","decl":{"start":{"line":93,"column":31},"end":{"line":93,"column":32}},"loc":{"start":{"line":93,"column":47},"end":{"line":107,"column":1}},"line":93},"6":{"name":"(anonymous_6)","decl":{"start":{"line":109,"column":24},"end":{"line":109,"column":25}},"loc":{"start":{"line":109,"column":40},"end":{"line":119,"column":1}},"line":109},"7":{"name":"executedFunction","decl":{"start":{"line":111,"column":18},"end":{"line":111,"column":34}},"loc":{"start":{"line":111,"column":44},"end":{"line":118,"column":3}},"line":111},"8":{"name":"(anonymous_8)","decl":{"start":{"line":112,"column":18},"end":{"line":112,"column":19}},"loc":{"start":{"line":112,"column":24},"end":{"line":115,"column":5}},"line":112},"9":{"name":"(anonymous_9)","decl":{"start":{"line":121,"column":28},"end":{"line":121,"column":29}},"loc":{"start":{"line":121,"column":54},"end":{"line":124,"column":1}},"line":121}},"branchMap":{"0":{"loc":{"start":{"line":2,"column":2},"end":{"line":2,"column":42}},"type":"if","locations":[{"start":{"line":2,"column":2},"end":{"line":2,"column":42}},{"start":{},"end":{}}],"line":2},"1":{"loc":{"start":{"line":2,"column":6},"end":{"line":2,"column":27}},"type":"binary-expr","locations":[{"start":{"line":2,"column":6},"end":{"line":2,"column":12}},{"start":{"line":2,"column":16},"end":{"line":2,"column":27}}],"line":2},"2":{"loc":{"start":{"line":10,"column":2},"end":{"line":10,"column":29}},"type":"if","locations":[{"start":{"line":10,"column":2},"end":{"line":10,"column":29}},{"start":{},"end":{}}],"line":10},"3":{"loc":{"start":{"line":16,"column":2},"end":{"line":16,"column":41}},"type":"if","locations":[{"start":{"line":16,"column":2},"end":{"line":16,"column":41}},{"start":{},"end":{}}],"line":16},"4":{"loc":{"start":{"line":17,"column":2},"end":{"line":17,"column":50}},"type":"if","locations":[{"start":{"line":17,"column":2},"end":{"line":17,"column":50}},{"start":{},"end":{}}],"line":17},"5":{"loc":{"start":{"line":18,"column":2},"end":{"line":18,"column":67}},"type":"if","locations":[{"start":{"line":18,"column":2},"end":{"line":18,"column":67}},{"start":{},"end":{}}],"line":18},"6":{"loc":{"start":{"line":19,"column":2},"end":{"line":19,"column":70}},"type":"if","locations":[{"start":{"line":19,"column":2},"end":{"line":19,"column":70}},{"start":{},"end":{}}],"line":19},"7":{"loc":{"start":{"line":29,"column":2},"end":{"line":29,"column":31}},"type":"if","locations":[{"start":{"line":29,"column":2},"end":{"line":29,"column":31}},{"start":{},"end":{}}],"line":29},"8":{"loc":{"start":{"line":51,"column":9},"end":{"line":51,"column":31}},"type":"binary-expr","locations":[{"start":{"line":51,"column":9},"end":{"line":51,"column":21}},{"start":{"line":51,"column":25},"end":{"line":51,"column":31}}],"line":51},"9":{"loc":{"start":{"line":54,"column":35},"end":{"line":54,"column":61}},"type":"default-arg","locations":[{"start":{"line":54,"column":45},"end":{"line":54,"column":61}}],"line":54},"10":{"loc":{"start":{"line":57,"column":2},"end":{"line":59,"column":3}},"type":"if","locations":[{"start":{"line":57,"column":2},"end":{"line":59,"column":3}},{"start":{},"end":{}}],"line":57},"11":{"loc":{"start":{"line":72,"column":2},"end":{"line":74,"column":3}},"type":"if","locations":[{"start":{"line":72,"column":2},"end":{"line":74,"column":3}},{"start":{},"end":{}}],"line":72},"12":{"loc":{"start":{"line":121,"column":35},"end":{"line":121,"column":49}},"type":"default-arg","locations":[{"start":{"line":121,"column":47},"end":{"line":121,"column":49}}],"line":121},"13":{"loc":{"start":{"line":122,"column":2},"end":{"line":122,"column":53}},"type":"if","locations":[{"start":{"line":122,"column":2},"end":{"line":122,"column":53}},{"start":{},"end":{}}],"line":122},"14":{"loc":{"start":{"line":122,"column":6},"end":{"line":122,"column":39}},"type":"binary-expr","locations":[{"start":{"line":122,"column":6},"end":{"line":122,"column":11}},{"start":{"line":122,"column":15},"end":{"line":122,"column":39}}],"line":122}},"s":{"0":0,"1":0,"2":0,"3":0,"4":0,"5":0,"6":0,"7":0,"8":0,"9":0,"10":0,"11":0,"12":0,"13":0,"14":0,"15":0,"16":0,"17":0,"18":0,"19":0,"20":0,"21":0,"22":0,"23":0,"24":0,"25":0,"26":0,"27":0,"28":0,"29":0,"30":0,"31":0,"32":0,"33":0,"34":0,"35":0,"36":0,"37":0,"38":0,"39":0,"40":0,"41":0,"42":0,"43":0,"44":0,"45":0,"46":0,"47":0,"48":0,"49":0,"50":0,"51":0,"52":0,"53":0,"54":0,"55":0,"56":0,"57":0,"58":0,"59":0,"60":0,"61":0,"62":0,"63":0,"64":0,"65":0,"66":0,"67":0},"f":{"0":0,"1":0,"2":0,"3":0,"4":0,"5":0,"6":0,"7":0,"8":0,"9":0},"b":{"0":[0,0],"1":[0,0],"2":[0,0],"3":[0,0],"4":[0,0],"5":[0,0],"6":[0,0],"7":[0,0],"8":[0,0],"9":[0],"10":[0,0],"11":[0,0],"12":[0],"13":[0,0],"14":[0,0]}}
}
