TN:
SF:src\App.js
FN:12,ProtectedRoute
FN:26,PublicRoute
FN:31,App
FNF:3
FNH:0
FNDA:0,ProtectedRoute
FNDA:0,PublicRoute
FNDA:0,App
DA:13,0
DA:15,0
DA:16,0
DA:19,0
DA:20,0
DA:23,0
DA:27,0
DA:28,0
DA:32,0
LF:9
LH:0
BRDA:12,0,0,0
BRDA:15,1,0,0
BRDA:15,1,1,0
BRDA:19,2,0,0
BRDA:19,2,1,0
BRDA:19,3,0,0
BRDA:19,3,1,0
BRDA:28,4,0,0
BRDA:28,4,1,0
BRF:9
BRH:0
end_of_record
TN:
SF:src\index.js
FNF:0
FNH:0
DA:6,0
DA:7,0
LF:2
LH:0
BRF:0
BRH:0
end_of_record
TN:
SF:src\components\CreateFolderModal.js
FN:4,(anonymous_0)
FN:8,(anonymous_1)
FN:43,(anonymous_2)
FNF:3
FNH:0
FNDA:0,(anonymous_0)
FNDA:0,(anonymous_1)
FNDA:0,(anonymous_2)
DA:4,0
DA:5,0
DA:6,0
DA:8,0
DA:9,0
DA:10,0
DA:12,0
DA:13,0
DA:14,0
DA:15,0
DA:17,0
DA:19,0
DA:23,0
DA:43,0
LF:14
LH:0
BRDA:10,0,0,0
BRDA:10,0,1,0
BRDA:63,1,0,0
BRDA:63,1,1,0
BRDA:65,2,0,0
BRDA:65,2,1,0
BRF:6
BRH:0
end_of_record
TN:
SF:src\components\DocumentDetail.js
FN:5,(anonymous_0)
FN:11,(anonymous_1)
FN:12,(anonymous_2)
FNF:3
FNH:3
FNDA:4,(anonymous_0)
FNDA:2,(anonymous_1)
FNDA:2,(anonymous_2)
DA:5,1
DA:6,4
DA:7,4
DA:8,4
DA:9,4
DA:11,4
DA:12,2
DA:13,2
DA:14,2
DA:15,2
DA:16,1
DA:18,1
DA:19,1
DA:21,2
DA:25,2
DA:26,2
DA:30,4
DA:31,2
DA:38,2
DA:39,1
DA:47,1
DA:48,0
DA:56,1
LF:23
LH:22
BRDA:25,0,0,2
BRDA:25,0,1,0
BRDA:30,1,0,2
BRDA:30,1,1,2
BRDA:38,2,0,1
BRDA:38,2,1,1
BRDA:47,3,0,0
BRDA:47,3,1,1
BRDA:73,4,0,0
BRDA:73,4,1,1
BRDA:78,5,0,0
BRDA:78,5,1,1
BRDA:83,6,0,1
BRDA:83,6,1,1
BRF:14
BRH:10
end_of_record
TN:
SF:src\components\DocumentForm.js
FN:6,(anonymous_0)
FN:16,(anonymous_1)
FN:47,(anonymous_2)
FN:67,(anonymous_3)
FN:70,(anonymous_4)
FN:72,(anonymous_5)
FNF:6
FNH:5
FNDA:8,(anonymous_0)
FNDA:2,(anonymous_1)
FNDA:2,(anonymous_2)
FNDA:4,(anonymous_3)
FNDA:4,(anonymous_4)
FNDA:0,(anonymous_5)
DA:6,1
DA:7,8
DA:13,8
DA:14,8
DA:16,8
DA:17,2
DA:19,2
DA:20,2
DA:21,2
DA:23,2
DA:24,1
DA:25,1
DA:26,0
DA:29,2
DA:30,1
DA:31,1
DA:32,0
DA:35,2
DA:36,1
DA:39,2
DA:40,1
DA:43,2
DA:44,2
DA:47,8
DA:48,2
DA:49,2
DA:51,1
DA:52,1
DA:54,1
DA:55,0
DA:57,1
DA:59,1
DA:61,0
DA:63,1
DA:67,8
DA:68,4
DA:69,4
DA:70,4
DA:71,4
DA:72,0
DA:76,8
LF:41
LH:36
BRDA:8,0,0,8
BRDA:8,0,1,8
BRDA:9,1,0,8
BRDA:9,1,1,8
BRDA:10,2,0,8
BRDA:10,2,1,8
BRDA:11,3,0,8
BRDA:11,3,1,8
BRDA:23,4,0,1
BRDA:23,4,1,1
BRDA:23,5,0,2
BRDA:23,5,1,1
BRDA:25,6,0,0
BRDA:25,6,1,1
BRDA:29,7,0,1
BRDA:29,7,1,1
BRDA:31,8,0,0
BRDA:31,8,1,1
BRDA:35,9,0,1
BRDA:35,9,1,1
BRDA:39,10,0,1
BRDA:39,10,1,1
BRDA:39,11,0,2
BRDA:39,11,1,1
BRDA:49,12,0,1
BRDA:49,12,1,1
BRDA:54,13,0,0
BRDA:54,13,1,1
BRDA:69,14,0,3
BRDA:69,14,1,1
BRDA:71,15,0,0
BRDA:71,15,1,4
BRDA:90,16,0,8
BRDA:90,16,1,1
BRDA:105,17,0,8
BRDA:105,17,1,1
BRDA:120,18,0,8
BRDA:120,18,1,1
BRDA:135,19,0,8
BRDA:135,19,1,1
BRDA:139,20,0,8
BRDA:139,20,1,0
BRDA:153,21,0,8
BRDA:153,21,1,1
BRDA:154,22,0,1
BRDA:154,22,1,7
BRF:46
BRH:41
end_of_record
TN:
SF:src\components\DocumentList.js
FN:4,(anonymous_0)
FN:8,(anonymous_1)
FN:12,(anonymous_2)
FN:16,(anonymous_3)
FN:20,(anonymous_4)
FN:31,(anonymous_5)
FN:34,(anonymous_6)
FN:49,(anonymous_7)
FN:52,(anonymous_8)
FN:55,(anonymous_9)
FN:59,(anonymous_10)
FN:63,(anonymous_11)
FN:64,(anonymous_12)
FN:75,(anonymous_13)
FN:82,(anonymous_14)
FN:90,(anonymous_15)
FN:128,(anonymous_16)
FN:134,(anonymous_17)
FN:149,(anonymous_18)
FN:161,(anonymous_19)
FN:167,(anonymous_20)
FN:173,(anonymous_21)
FN:179,(anonymous_22)
FN:200,(anonymous_23)
FN:209,(anonymous_24)
FN:218,(anonymous_25)
FN:231,(anonymous_26)
FN:237,(anonymous_27)
FN:259,(anonymous_28)
FNF:29
FNH:10
FNDA:15,(anonymous_0)
FNDA:0,(anonymous_1)
FNDA:0,(anonymous_2)
FNDA:0,(anonymous_3)
FNDA:0,(anonymous_4)
FNDA:0,(anonymous_5)
FNDA:0,(anonymous_6)
FNDA:5,(anonymous_7)
FNDA:5,(anonymous_8)
FNDA:3,(anonymous_9)
FNDA:2,(anonymous_10)
FNDA:5,(anonymous_11)
FNDA:0,(anonymous_12)
FNDA:1,(anonymous_13)
FNDA:1,(anonymous_14)
FNDA:1,(anonymous_15)
FNDA:0,(anonymous_16)
FNDA:0,(anonymous_17)
FNDA:0,(anonymous_18)
FNDA:0,(anonymous_19)
FNDA:0,(anonymous_20)
FNDA:0,(anonymous_21)
FNDA:0,(anonymous_22)
FNDA:0,(anonymous_23)
FNDA:0,(anonymous_24)
FNDA:0,(anonymous_25)
FNDA:1,(anonymous_26)
FNDA:0,(anonymous_27)
FNDA:0,(anonymous_28)
DA:4,1
DA:5,15
DA:6,15
DA:8,15
DA:9,0
DA:12,15
DA:13,0
DA:16,15
DA:17,0
DA:18,0
DA:19,0
DA:20,0
DA:21,0
DA:22,0
DA:24,0
DA:26,0
DA:31,15
DA:32,0
DA:33,0
DA:34,0
DA:35,0
DA:36,0
DA:38,0
DA:40,0
DA:44,15
DA:45,15
DA:46,15
DA:49,15
DA:50,5
DA:51,5
DA:52,5
DA:53,5
DA:54,5
DA:56,3
DA:57,3
DA:60,2
DA:61,2
DA:63,5
DA:65,0
DA:66,0
DA:71,15
DA:72,15
DA:73,15
DA:75,15
DA:76,1
DA:77,1
DA:78,1
DA:79,1
DA:82,15
DA:83,1
DA:84,0
DA:85,0
DA:86,0
DA:87,0
DA:90,15
DA:91,1
DA:98,15
DA:99,2
DA:107,13
DA:108,5
DA:115,8
DA:116,7
DA:125,1
DA:126,0
DA:129,0
DA:130,0
DA:134,0
DA:150,0
DA:151,0
DA:161,0
DA:167,0
DA:173,0
DA:179,0
DA:194,1
DA:200,0
DA:209,0
DA:218,0
DA:232,1
DA:233,1
DA:237,0
DA:260,0
DA:261,0
LF:82
LH:43
BRDA:4,0,0,15
BRDA:18,1,0,0
BRDA:18,1,1,0
BRDA:18,2,0,0
BRDA:18,2,1,0
BRDA:32,3,0,0
BRDA:32,3,1,0
BRDA:50,4,0,5
BRDA:50,4,1,0
BRDA:50,5,0,5
BRDA:50,5,1,5
BRDA:56,6,0,3
BRDA:56,6,1,0
BRDA:71,7,0,0
BRDA:71,7,1,15
BRDA:72,8,0,15
BRDA:72,8,1,15
BRDA:73,9,0,15
BRDA:73,9,1,15
BRDA:77,10,0,0
BRDA:77,10,1,1
BRDA:78,11,0,0
BRDA:78,11,1,1
BRDA:83,12,0,1
BRDA:83,12,1,0
BRDA:98,13,0,2
BRDA:98,13,1,13
BRDA:107,14,0,5
BRDA:107,14,1,8
BRDA:115,15,0,7
BRDA:115,15,1,1
BRDA:125,16,0,0
BRDA:125,16,1,1
BRDA:141,17,0,0
BRDA:141,17,1,0
BRDA:151,18,0,0
BRDA:151,18,1,0
BRDA:158,19,0,0
BRDA:158,19,1,0
BRDA:204,20,0,1
BRDA:204,20,1,0
BRDA:204,21,0,0
BRDA:204,21,1,0
BRDA:213,22,0,1
BRDA:213,22,1,0
BRDA:213,23,0,0
BRDA:213,23,1,0
BRDA:222,24,0,1
BRDA:222,24,1,0
BRDA:222,25,0,0
BRDA:222,25,1,0
BRDA:245,26,0,1
BRDA:245,26,1,0
BRDA:255,27,0,1
BRDA:255,27,1,1
BRDA:261,28,0,0
BRDA:261,28,1,0
BRF:57
BRH:26
end_of_record
TN:
SF:src\components\ErrorBoundary.js
FN:4,(anonymous_0)
FN:9,(anonymous_1)
FN:13,(anonymous_2)
FN:17,(anonymous_3)
FN:25,(anonymous_4)
FNF:5
FNH:0
FNDA:0,(anonymous_0)
FNDA:0,(anonymous_1)
FNDA:0,(anonymous_2)
FNDA:0,(anonymous_3)
FNDA:0,(anonymous_4)
DA:5,0
DA:6,0
DA:10,0
DA:14,0
DA:18,0
DA:19,0
DA:25,0
DA:35,0
LF:8
LH:0
BRDA:18,0,0,0
BRDA:18,0,1,0
BRF:2
BRH:0
end_of_record
TN:
SF:src\components\Header.js
FN:5,(anonymous_0)
FN:10,(anonymous_1)
FN:38,(anonymous_2)
FN:44,(anonymous_3)
FN:61,(anonymous_4)
FNF:5
FNH:0
FNDA:0,(anonymous_0)
FNDA:0,(anonymous_1)
FNDA:0,(anonymous_2)
FNDA:0,(anonymous_3)
FNDA:0,(anonymous_4)
DA:5,0
DA:6,0
DA:7,0
DA:8,0
DA:10,0
DA:11,0
DA:12,0
DA:15,0
DA:38,0
DA:44,0
DA:61,0
LF:11
LH:0
BRDA:39,0,0,0
BRDA:39,0,1,0
BRDA:45,1,0,0
BRDA:45,1,1,0
BRDA:69,2,0,0
BRDA:69,2,1,0
BRF:6
BRH:0
end_of_record
TN:
SF:src\components\LoadingSpinner.js
FN:3,(anonymous_0)
FNF:1
FNH:1
FNDA:1,(anonymous_0)
DA:3,1
DA:4,1
DA:10,1
LF:3
LH:3
BRDA:3,0,0,0
BRDA:3,1,0,1
BRF:2
BRH:1
end_of_record
TN:
SF:src\components\ShareModal.js
FN:4,(anonymous_0)
FN:10,(anonymous_1)
FN:15,(anonymous_2)
FN:20,(anonymous_3)
FN:50,(anonymous_4)
FN:63,(anonymous_5)
FN:76,(anonymous_6)
FN:91,(anonymous_7)
FN:103,(anonymous_8)
FNF:9
FNH:0
FNDA:0,(anonymous_0)
FNDA:0,(anonymous_1)
FNDA:0,(anonymous_2)
FNDA:0,(anonymous_3)
FNDA:0,(anonymous_4)
FNDA:0,(anonymous_5)
FNDA:0,(anonymous_6)
FNDA:0,(anonymous_7)
FNDA:0,(anonymous_8)
DA:4,0
DA:5,0
DA:6,0
DA:7,0
DA:8,0
DA:10,0
DA:11,0
DA:12,0
DA:15,0
DA:16,0
DA:20,0
DA:21,0
DA:27,0
DA:30,0
DA:50,0
DA:63,0
DA:76,0
DA:91,0
DA:103,0
LF:19
LH:0
BRDA:23,0,0,0
BRDA:23,0,1,0
BRDA:85,1,0,0
BRDA:85,1,1,0
BRDA:98,2,0,0
BRDA:98,2,1,0
BRDA:112,3,0,0
BRDA:112,3,1,0
BRDA:112,3,2,0
BRDA:137,4,0,0
BRDA:137,4,1,0
BRDA:137,4,2,0
BRDA:142,5,0,0
BRDA:142,5,1,0
BRDA:142,5,2,0
BRF:15
BRH:0
end_of_record
TN:
SF:src\components\Sidebar.js
FN:4,(anonymous_0)
FN:24,(anonymous_1)
FN:29,(anonymous_2)
FN:53,(anonymous_3)
FNF:4
FNH:0
FNDA:0,(anonymous_0)
FNDA:0,(anonymous_1)
FNDA:0,(anonymous_2)
FNDA:0,(anonymous_3)
DA:4,0
DA:5,0
DA:7,0
DA:14,0
DA:20,0
DA:25,0
DA:26,0
DA:29,0
DA:54,0
LF:9
LH:0
BRDA:31,0,0,0
BRDA:31,0,1,0
BRF:2
BRH:0
end_of_record
TN:
SF:src\components\Toast.js
FN:4,(anonymous_0)
FN:7,(anonymous_1)
FN:8,(anonymous_2)
FN:13,(anonymous_3)
FN:16,(anonymous_4)
FN:25,(anonymous_5)
FN:51,(anonymous_6)
FNF:7
FNH:0
FNDA:0,(anonymous_0)
FNDA:0,(anonymous_1)
FNDA:0,(anonymous_2)
FNDA:0,(anonymous_3)
FNDA:0,(anonymous_4)
FNDA:0,(anonymous_5)
FNDA:0,(anonymous_6)
DA:4,0
DA:5,0
DA:7,0
DA:8,0
DA:9,0
DA:10,0
DA:13,0
DA:16,0
DA:17,0
DA:18,0
DA:19,0
DA:20,0
DA:21,0
DA:25,0
DA:26,0
DA:27,0
DA:29,0
DA:31,0
DA:33,0
DA:35,0
DA:39,0
DA:52,0
DA:53,0
LF:23
LH:0
BRDA:4,0,0,0
BRDA:4,1,0,0
BRDA:17,2,0,0
BRDA:17,2,1,0
BRDA:17,2,2,0
BRDA:17,2,3,0
BRDA:27,3,0,0
BRDA:27,3,1,0
BRDA:27,3,2,0
BRDA:27,3,3,0
BRDA:42,4,0,0
BRDA:42,4,1,0
BRF:12
BRH:0
end_of_record
TN:
SF:src\components\UploadModal.js
FN:6,(anonymous_0)
FN:11,(anonymous_1)
FN:12,(anonymous_2)
FN:20,(anonymous_3)
FN:30,(anonymous_4)
FN:45,(anonymous_5)
FN:46,(anonymous_6)
FN:46,(anonymous_7)
FN:49,(anonymous_8)
FN:58,(anonymous_9)
FN:58,(anonymous_10)
FN:68,(anonymous_11)
FN:69,(anonymous_12)
FN:69,(anonymous_13)
FN:85,(anonymous_14)
FN:85,(anonymous_15)
FN:90,(anonymous_16)
FN:90,(anonymous_17)
FN:103,(anonymous_18)
FN:104,(anonymous_19)
FN:110,(anonymous_20)
FN:118,(anonymous_21)
FN:164,(anonymous_22)
FN:194,(anonymous_23)
FN:217,(anonymous_24)
FN:220,(anonymous_25)
FNF:26
FNH:0
FNDA:0,(anonymous_0)
FNDA:0,(anonymous_1)
FNDA:0,(anonymous_2)
FNDA:0,(anonymous_3)
FNDA:0,(anonymous_4)
FNDA:0,(anonymous_5)
FNDA:0,(anonymous_6)
FNDA:0,(anonymous_7)
FNDA:0,(anonymous_8)
FNDA:0,(anonymous_9)
FNDA:0,(anonymous_10)
FNDA:0,(anonymous_11)
FNDA:0,(anonymous_12)
FNDA:0,(anonymous_13)
FNDA:0,(anonymous_14)
FNDA:0,(anonymous_15)
FNDA:0,(anonymous_16)
FNDA:0,(anonymous_17)
FNDA:0,(anonymous_18)
FNDA:0,(anonymous_19)
FNDA:0,(anonymous_20)
FNDA:0,(anonymous_21)
FNDA:0,(anonymous_22)
FNDA:0,(anonymous_23)
FNDA:0,(anonymous_24)
FNDA:0,(anonymous_25)
DA:6,0
DA:7,0
DA:8,0
DA:9,0
DA:11,0
DA:12,0
DA:20,0
DA:21,0
DA:30,0
DA:33,0
DA:45,0
DA:46,0
DA:49,0
DA:50,0
DA:52,0
DA:54,0
DA:55,0
DA:57,0
DA:58,0
DA:59,0
DA:62,0
DA:63,0
DA:64,0
DA:65,0
DA:68,0
DA:69,0
DA:70,0
DA:71,0
DA:73,0
DA:77,0
DA:84,0
DA:85,0
DA:86,0
DA:90,0
DA:91,0
DA:100,0
DA:103,0
DA:104,0
DA:105,0
DA:110,0
DA:111,0
DA:112,0
DA:113,0
DA:114,0
DA:115,0
DA:118,0
DA:119,0
DA:120,0
DA:121,0
DA:122,0
DA:123,0
DA:127,0
DA:165,0
DA:194,0
DA:217,0
DA:220,0
LF:56
LH:0
BRDA:26,0,0,0
BRDA:26,0,1,0
BRDA:50,1,0,0
BRDA:50,1,1,0
BRDA:50,2,0,0
BRDA:50,2,1,0
BRDA:55,3,0,0
BRDA:55,3,1,0
BRDA:59,4,0,0
BRDA:59,4,1,0
BRDA:70,5,0,0
BRDA:70,5,1,0
BRDA:70,6,0,0
BRDA:70,6,1,0
BRDA:86,7,0,0
BRDA:86,7,1,0
BRDA:91,8,0,0
BRDA:91,8,1,0
BRDA:94,9,0,0
BRDA:94,9,1,0
BRDA:103,10,0,0
BRDA:103,10,1,0
BRDA:103,11,0,0
BRDA:103,11,1,0
BRDA:111,12,0,0
BRDA:111,12,1,0
BRDA:119,13,0,0
BRDA:119,13,1,0
BRDA:119,13,2,0
BRDA:119,13,3,0
BRDA:144,14,0,0
BRDA:144,14,1,0
BRDA:152,15,0,0
BRDA:152,15,1,0
BRDA:160,16,0,0
BRDA:160,16,1,0
BRDA:175,17,0,0
BRDA:175,17,1,0
BRDA:181,18,0,0
BRDA:181,18,1,0
BRDA:192,19,0,0
BRDA:192,19,1,0
BRDA:217,20,0,0
BRDA:217,20,1,0
BRDA:217,20,2,0
BRDA:220,21,0,0
BRDA:220,21,1,0
BRF:47
BRH:0
end_of_record
TN:
SF:src\contexts\AuthContext.js
FN:6,(anonymous_0)
FN:14,(anonymous_1)
FN:18,(anonymous_2)
FN:41,(anonymous_3)
FN:54,(anonymous_4)
FN:63,(anonymous_5)
FNF:6
FNH:0
FNDA:0,(anonymous_0)
FNDA:0,(anonymous_1)
FNDA:0,(anonymous_2)
FNDA:0,(anonymous_3)
FNDA:0,(anonymous_4)
FNDA:0,(anonymous_5)
DA:4,0
DA:6,0
DA:7,0
DA:8,0
DA:9,0
DA:11,0
DA:14,0
DA:15,0
DA:16,0
DA:18,0
DA:19,0
DA:20,0
DA:22,0
DA:23,0
DA:24,0
DA:25,0
DA:27,0
DA:28,0
DA:30,0
DA:31,0
DA:34,0
DA:35,0
DA:38,0
DA:41,0
DA:42,0
DA:43,0
DA:44,0
DA:45,0
DA:46,0
DA:47,0
DA:48,0
DA:50,0
DA:54,0
DA:55,0
DA:56,0
DA:57,0
DA:59,0
DA:63,0
DA:64,0
DA:65,0
DA:66,0
DA:69,0
DA:78,0
LF:43
LH:0
BRDA:8,0,0,0
BRDA:8,0,1,0
BRDA:22,1,0,0
BRDA:22,1,1,0
BRDA:22,2,0,0
BRDA:22,2,1,0
BRDA:27,3,0,0
BRDA:27,3,1,0
BRDA:80,4,0,0
BRDA:80,4,1,0
BRF:10
BRH:0
end_of_record
TN:
SF:src\contexts\ToastContext.js
FN:6,(anonymous_0)
FN:14,(anonymous_1)
FN:17,(anonymous_2)
FN:21,(anonymous_3)
FN:24,(anonymous_4)
FN:25,(anonymous_5)
FN:25,(anonymous_6)
FN:28,(anonymous_7)
FN:29,(anonymous_8)
FN:30,(anonymous_9)
FN:31,(anonymous_10)
FN:45,(anonymous_11)
FN:51,(anonymous_12)
FNF:13
FNH:0
FNDA:0,(anonymous_0)
FNDA:0,(anonymous_1)
FNDA:0,(anonymous_2)
FNDA:0,(anonymous_3)
FNDA:0,(anonymous_4)
FNDA:0,(anonymous_5)
FNDA:0,(anonymous_6)
FNDA:0,(anonymous_7)
FNDA:0,(anonymous_8)
FNDA:0,(anonymous_9)
FNDA:0,(anonymous_10)
FNDA:0,(anonymous_11)
FNDA:0,(anonymous_12)
DA:4,0
DA:6,0
DA:7,0
DA:8,0
DA:9,0
DA:11,0
DA:14,0
DA:15,0
DA:17,0
DA:18,0
DA:19,0
DA:21,0
DA:24,0
DA:25,0
DA:28,0
DA:29,0
DA:30,0
DA:31,0
DA:33,0
DA:41,0
DA:46,0
DA:51,0
LF:22
LH:0
BRDA:8,0,0,0
BRDA:8,0,1,0
BRDA:17,1,0,0
BRDA:17,2,0,0
BRF:4
BRH:0
end_of_record
TN:
SF:src\pages\Admin.js
FN:7,(anonymous_0)
FN:19,(anonymous_1)
FN:20,(anonymous_2)
FN:28,(anonymous_3)
FN:43,(anonymous_4)
FN:55,(anonymous_5)
FN:73,(anonymous_6)
FN:87,(anonymous_7)
FN:104,(anonymous_8)
FN:132,(anonymous_9)
FN:167,(anonymous_10)
FN:172,(anonymous_11)
FN:192,(anonymous_12)
FNF:13
FNH:0
FNDA:0,(anonymous_0)
FNDA:0,(anonymous_1)
FNDA:0,(anonymous_2)
FNDA:0,(anonymous_3)
FNDA:0,(anonymous_4)
FNDA:0,(anonymous_5)
FNDA:0,(anonymous_6)
FNDA:0,(anonymous_7)
FNDA:0,(anonymous_8)
FNDA:0,(anonymous_9)
FNDA:0,(anonymous_10)
FNDA:0,(anonymous_11)
FNDA:0,(anonymous_12)
DA:7,0
DA:8,0
DA:9,0
DA:10,0
DA:16,0
DA:17,0
DA:19,0
DA:20,0
DA:21,0
DA:22,0
DA:23,0
DA:25,0
DA:28,0
DA:29,0
DA:30,0
DA:31,0
DA:33,0
DA:34,0
DA:43,0
DA:44,0
DA:45,0
DA:46,0
DA:47,0
DA:49,0
DA:50,0
DA:51,0
DA:55,0
DA:56,0
DA:58,0
DA:59,0
DA:60,0
DA:62,0
DA:66,0
DA:73,0
DA:74,0
DA:87,0
DA:88,0
DA:105,0
DA:132,0
DA:146,0
DA:168,0
DA:169,0
DA:172,0
DA:192,0
LF:44
LH:0
BRDA:56,0,0,0
BRDA:56,0,1,0
BRDA:73,1,0,0
BRDA:114,2,0,0
BRDA:114,2,1,0
BRDA:121,3,0,0
BRDA:121,3,1,0
BRDA:174,4,0,0
BRDA:174,4,1,0
BRDA:188,5,0,0
BRDA:188,5,1,0
BRDA:202,6,0,0
BRDA:202,6,1,0
BRDA:208,7,0,0
BRDA:208,7,1,0
BRDA:209,8,0,0
BRDA:209,8,1,0
BRDA:215,9,0,0
BRDA:215,9,1,0
BRDA:221,10,0,0
BRDA:221,10,1,0
BRF:21
BRH:0
end_of_record
TN:
SF:src\pages\Dashboard.js
FN:9,(anonymous_0)
FN:25,(anonymous_1)
FN:26,(anonymous_2)
FN:29,(anonymous_3)
FN:32,(anonymous_4)
FN:36,(anonymous_5)
FN:41,(anonymous_6)
FN:55,(anonymous_7)
FN:72,(anonymous_8)
FN:77,(anonymous_9)
FN:88,(anonymous_10)
FN:99,(anonymous_11)
FN:124,(anonymous_12)
FN:136,(anonymous_13)
FN:151,(anonymous_14)
FNF:15
FNH:0
FNDA:0,(anonymous_0)
FNDA:0,(anonymous_1)
FNDA:0,(anonymous_2)
FNDA:0,(anonymous_3)
FNDA:0,(anonymous_4)
FNDA:0,(anonymous_5)
FNDA:0,(anonymous_6)
FNDA:0,(anonymous_7)
FNDA:0,(anonymous_8)
FNDA:0,(anonymous_9)
FNDA:0,(anonymous_10)
FNDA:0,(anonymous_11)
FNDA:0,(anonymous_12)
FNDA:0,(anonymous_13)
FNDA:0,(anonymous_14)
DA:9,0
DA:10,0
DA:11,0
DA:12,0
DA:13,0
DA:14,0
DA:15,0
DA:16,0
DA:25,0
DA:26,0
DA:27,0
DA:29,0
DA:32,0
DA:33,0
DA:36,0
DA:37,0
DA:38,0
DA:41,0
DA:42,0
DA:43,0
DA:44,0
DA:45,0
DA:54,0
DA:55,0
DA:64,0
DA:65,0
DA:66,0
DA:68,0
DA:72,0
DA:73,0
DA:74,0
DA:77,0
DA:78,0
DA:82,0
DA:88,0
DA:99,0
DA:124,0
DA:136,0
DA:151,0
LF:39
LH:0
BRDA:37,0,0,0
BRDA:37,0,1,0
BRDA:37,1,0,0
BRDA:37,1,1,0
BRDA:41,2,0,0
BRDA:41,3,0,0
BRDA:41,4,0,0
BRDA:41,5,0,0
BRDA:54,6,0,0
BRDA:54,6,1,0
BRDA:78,7,0,0
BRDA:78,7,1,0
BRDA:95,8,0,0
BRDA:95,8,1,0
BRDA:107,9,0,0
BRDA:107,9,1,0
BRDA:121,10,0,0
BRDA:121,10,1,0
BRDA:149,11,0,0
BRDA:149,11,1,0
BRF:20
BRH:0
end_of_record
TN:
SF:src\pages\Landing.js
FN:5,(anonymous_0)
FN:9,(anonymous_1)
FN:11,(anonymous_2)
FN:12,(anonymous_3)
FN:13,(anonymous_4)
FN:22,(anonymous_5)
FN:26,(anonymous_6)
FN:80,(anonymous_7)
FN:88,(anonymous_8)
FNF:9
FNH:0
FNDA:0,(anonymous_0)
FNDA:0,(anonymous_1)
FNDA:0,(anonymous_2)
FNDA:0,(anonymous_3)
FNDA:0,(anonymous_4)
FNDA:0,(anonymous_5)
FNDA:0,(anonymous_6)
FNDA:0,(anonymous_7)
FNDA:0,(anonymous_8)
DA:5,0
DA:6,0
DA:7,0
DA:9,0
DA:10,0
DA:12,0
DA:13,0
DA:22,0
DA:23,0
DA:26,0
DA:29,0
DA:34,0
DA:81,0
DA:82,0
DA:88,0
LF:15
LH:0
BRDA:79,0,0,0
BRDA:79,0,1,0
BRDA:86,1,0,0
BRDA:86,1,1,0
BRDA:92,2,0,0
BRDA:92,2,1,0
BRDA:103,3,0,0
BRDA:103,3,1,0
BRDA:107,4,0,0
BRDA:107,4,1,0
BRDA:134,5,0,0
BRDA:134,5,1,0
BRDA:138,6,0,0
BRDA:138,6,1,0
BRDA:192,7,0,0
BRDA:192,7,1,0
BRF:16
BRH:0
end_of_record
TN:
SF:src\pages\Login.js
FN:8,(anonymous_0)
FN:16,(anonymous_1)
FN:70,(anonymous_2)
FN:84,(anonymous_3)
FN:89,(anonymous_4)
FNF:5
FNH:0
FNDA:0,(anonymous_0)
FNDA:0,(anonymous_1)
FNDA:0,(anonymous_2)
FNDA:0,(anonymous_3)
FNDA:0,(anonymous_4)
DA:8,0
DA:9,0
DA:10,0
DA:11,0
DA:12,0
DA:13,0
DA:14,0
DA:16,0
DA:17,0
DA:20,0
DA:21,0
DA:22,0
DA:25,0
DA:26,0
DA:27,0
DA:30,0
DA:31,0
DA:33,0
DA:34,0
DA:35,0
DA:37,0
DA:39,0
DA:43,0
DA:70,0
DA:84,0
DA:89,0
LF:26
LH:0
BRDA:20,0,0,0
BRDA:20,0,1,0
BRDA:25,1,0,0
BRDA:25,1,1,0
BRDA:37,2,0,0
BRDA:37,2,1,0
BRDA:55,3,0,0
BRDA:55,3,1,0
BRDA:80,4,0,0
BRDA:80,4,1,0
BRDA:91,5,0,0
BRDA:91,5,1,0
BRDA:101,6,0,0
BRDA:101,6,1,0
BRDA:102,7,0,0
BRDA:102,7,1,0
BRF:16
BRH:0
end_of_record
TN:
SF:src\pages\Register.js
FN:6,(anonymous_0)
FN:14,(anonymous_1)
FN:56,(anonymous_2)
FN:69,(anonymous_3)
FN:84,(anonymous_4)
FN:89,(anonymous_5)
FNF:6
FNH:0
FNDA:0,(anonymous_0)
FNDA:0,(anonymous_1)
FNDA:0,(anonymous_2)
FNDA:0,(anonymous_3)
FNDA:0,(anonymous_4)
FNDA:0,(anonymous_5)
DA:6,0
DA:7,0
DA:8,0
DA:9,0
DA:10,0
DA:11,0
DA:12,0
DA:14,0
DA:15,0
DA:16,0
DA:17,0
DA:19,0
DA:20,0
DA:21,0
DA:23,0
DA:25,0
DA:29,0
DA:56,0
DA:69,0
DA:84,0
DA:89,0
LF:21
LH:0
BRDA:23,0,0,0
BRDA:23,0,1,0
BRDA:41,1,0,0
BRDA:41,1,1,0
BRDA:79,2,0,0
BRDA:79,2,1,0
BRDA:91,3,0,0
BRDA:91,3,1,0
BRDA:102,4,0,0
BRDA:102,4,1,0
BRF:10
BRH:0
end_of_record
TN:
SF:src\services\authService.js
FN:4,(anonymous_0)
FN:13,(anonymous_1)
FN:18,(anonymous_2)
FN:23,(anonymous_3)
FN:28,(anonymous_4)
FN:32,(anonymous_5)
FNF:6
FNH:0
FNDA:0,(anonymous_0)
FNDA:0,(anonymous_1)
FNDA:0,(anonymous_2)
FNDA:0,(anonymous_3)
FNDA:0,(anonymous_4)
FNDA:0,(anonymous_5)
DA:3,0
DA:5,0
DA:6,0
DA:7,0
DA:8,0
DA:10,0
DA:14,0
DA:15,0
DA:19,0
DA:20,0
DA:24,0
DA:25,0
DA:29,0
DA:33,0
LF:14
LH:0
BRDA:6,0,0,0
BRDA:6,0,1,0
BRDA:25,1,0,0
BRDA:25,1,1,0
BRF:4
BRH:0
end_of_record
TN:
SF:src\services\documentService.js
FN:4,(anonymous_0)
FN:9,(anonymous_1)
FN:14,(anonymous_2)
FN:23,(anonymous_3)
FN:28,(anonymous_4)
FN:33,(anonymous_5)
FN:40,(anonymous_6)
FN:45,(anonymous_7)
FN:50,(anonymous_8)
FNF:9
FNH:0
FNDA:0,(anonymous_0)
FNDA:0,(anonymous_1)
FNDA:0,(anonymous_2)
FNDA:0,(anonymous_3)
FNDA:0,(anonymous_4)
FNDA:0,(anonymous_5)
FNDA:0,(anonymous_6)
FNDA:0,(anonymous_7)
FNDA:0,(anonymous_8)
DA:3,0
DA:5,0
DA:6,0
DA:10,0
DA:11,0
DA:15,0
DA:20,0
DA:24,0
DA:25,0
DA:29,0
DA:30,0
DA:34,0
DA:37,0
DA:41,0
DA:42,0
DA:46,0
DA:47,0
DA:51,0
DA:52,0
DA:53,0
LF:20
LH:0
BRDA:4,0,0,0
BRDA:50,1,0,0
BRF:2
BRH:0
end_of_record
TN:
SF:src\services\folderService.js
FN:4,(anonymous_0)
FN:9,(anonymous_1)
FN:14,(anonymous_2)
FN:19,(anonymous_3)
FN:24,(anonymous_4)
FN:29,(anonymous_5)
FN:34,(anonymous_6)
FNF:7
FNH:0
FNDA:0,(anonymous_0)
FNDA:0,(anonymous_1)
FNDA:0,(anonymous_2)
FNDA:0,(anonymous_3)
FNDA:0,(anonymous_4)
FNDA:0,(anonymous_5)
FNDA:0,(anonymous_6)
DA:3,0
DA:5,0
DA:6,0
DA:10,0
DA:11,0
DA:15,0
DA:16,0
DA:20,0
DA:21,0
DA:25,0
DA:26,0
DA:30,0
DA:31,0
DA:35,0
DA:36,0
LF:15
LH:0
BRF:0
BRH:0
end_of_record
TN:
SF:src\utils\api.js
FN:9,(anonymous_0)
FN:18,(anonymous_1)
FN:19,(anonymous_2)
FN:20,(anonymous_3)
FN:24,(anonymous_4)
FN:25,(anonymous_5)
FN:26,(anonymous_6)
FN:27,(anonymous_7)
FN:28,(anonymous_8)
FN:29,(anonymous_9)
FN:34,(anonymous_10)
FN:35,(anonymous_11)
FN:36,(anonymous_12)
FN:37,(anonymous_13)
FN:42,(anonymous_14)
FN:42,(anonymous_15)
FN:43,(anonymous_16)
FN:43,(anonymous_17)
FN:44,(anonymous_18)
FN:44,(anonymous_19)
FN:45,(anonymous_20)
FN:45,(anonymous_21)
FN:46,(anonymous_22)
FN:46,(anonymous_23)
FNF:24
FNH:10
FNDA:0,(anonymous_0)
FNDA:0,(anonymous_1)
FNDA:0,(anonymous_2)
FNDA:0,(anonymous_3)
FNDA:0,(anonymous_4)
FNDA:0,(anonymous_5)
FNDA:0,(anonymous_6)
FNDA:0,(anonymous_7)
FNDA:0,(anonymous_8)
FNDA:0,(anonymous_9)
FNDA:0,(anonymous_10)
FNDA:0,(anonymous_11)
FNDA:0,(anonymous_12)
FNDA:0,(anonymous_13)
FNDA:1,(anonymous_14)
FNDA:1,(anonymous_15)
FNDA:1,(anonymous_16)
FNDA:1,(anonymous_17)
FNDA:1,(anonymous_18)
FNDA:1,(anonymous_19)
FNDA:1,(anonymous_20)
FNDA:1,(anonymous_21)
FNDA:1,(anonymous_22)
FNDA:1,(anonymous_23)
DA:3,1
DA:5,1
DA:9,1
DA:10,0
DA:11,0
DA:12,0
DA:14,0
DA:17,1
DA:18,0
DA:19,0
DA:20,0
DA:23,1
DA:24,0
DA:25,0
DA:26,0
DA:27,0
DA:28,0
DA:30,0
DA:33,1
DA:34,0
DA:35,0
DA:36,0
DA:37,0
DA:41,1
DA:42,1
DA:43,1
DA:44,1
DA:45,1
DA:46,1
DA:49,1
LF:30
LH:13
BRDA:3,0,0,1
BRDA:3,0,1,1
BRDA:11,1,0,0
BRDA:11,1,1,0
BRDA:24,2,0,0
BRDA:29,3,0,0
BRDA:29,4,0,0
BRDA:29,5,0,0
BRDA:29,6,0,0
BRDA:42,7,0,1
BRF:10
BRH:3
end_of_record
TN:
SF:src\utils\helpers.js
FN:1,(anonymous_0)
FN:9,(anonymous_1)
FN:28,(anonymous_2)
FN:54,(anonymous_3)
FN:82,(anonymous_4)
FN:93,(anonymous_5)
FN:109,(anonymous_6)
FN:111,executedFunction
FN:112,(anonymous_8)
FN:121,(anonymous_9)
FNF:10
FNH:0
FNDA:0,(anonymous_0)
FNDA:0,(anonymous_1)
FNDA:0,(anonymous_2)
FNDA:0,(anonymous_3)
FNDA:0,(anonymous_4)
FNDA:0,(anonymous_5)
FNDA:0,(anonymous_6)
FNDA:0,executedFunction
FNDA:0,(anonymous_8)
FNDA:0,(anonymous_9)
DA:1,0
DA:2,0
DA:3,0
DA:4,0
DA:5,0
DA:6,0
DA:9,0
DA:10,0
DA:11,0
DA:12,0
DA:13,0
DA:14,0
DA:16,0
DA:17,0
DA:18,0
DA:19,0
DA:21,0
DA:28,0
DA:29,0
DA:30,0
DA:32,0
DA:51,0
DA:54,0
DA:55,0
DA:57,0
DA:58,0
DA:61,0
DA:72,0
DA:73,0
DA:76,0
DA:82,0
DA:83,0
DA:84,0
DA:85,0
DA:86,0
DA:87,0
DA:88,0
DA:89,0
DA:90,0
DA:93,0
DA:94,0
DA:95,0
DA:96,0
DA:99,0
DA:100,0
DA:101,0
DA:102,0
DA:103,0
DA:104,0
DA:105,0
DA:109,0
DA:111,0
DA:112,0
DA:113,0
DA:114,0
DA:116,0
DA:117,0
DA:121,0
DA:122,0
DA:123,0
LF:60
LH:0
BRDA:2,0,0,0
BRDA:2,0,1,0
BRDA:2,1,0,0
BRDA:2,1,1,0
BRDA:10,2,0,0
BRDA:10,2,1,0
BRDA:16,3,0,0
BRDA:16,3,1,0
BRDA:17,4,0,0
BRDA:17,4,1,0
BRDA:18,5,0,0
BRDA:18,5,1,0
BRDA:19,6,0,0
BRDA:19,6,1,0
BRDA:29,7,0,0
BRDA:29,7,1,0
BRDA:51,8,0,0
BRDA:51,8,1,0
BRDA:54,9,0,0
BRDA:57,10,0,0
BRDA:57,10,1,0
BRDA:72,11,0,0
BRDA:72,11,1,0
BRDA:121,12,0,0
BRDA:122,13,0,0
BRDA:122,13,1,0
BRDA:122,14,0,0
BRDA:122,14,1,0
BRF:28
BRH:0
end_of_record
TN:
SF:src\utils\validation.js
FN:1,(anonymous_0)
FN:6,(anonymous_1)
FN:10,(anonymous_2)
FN:15,(anonymous_3)
FN:28,(anonymous_4)
FNF:5
FNH:1
FNDA:0,(anonymous_0)
FNDA:0,(anonymous_1)
FNDA:9,(anonymous_2)
FNDA:0,(anonymous_3)
FNDA:0,(anonymous_4)
DA:1,1
DA:2,0
DA:3,0
DA:6,1
DA:7,0
DA:10,1
DA:11,9
DA:12,9
DA:15,1
DA:16,0
DA:25,0
DA:28,1
DA:29,0
DA:30,0
LF:14
LH:7
BRDA:7,0,0,0
BRDA:7,0,1,0
BRDA:11,1,0,0
BRDA:11,1,1,9
BRDA:28,2,0,0
BRF:5
BRH:1
end_of_record
